[0.166s] DEBUG:colcon:Command line arguments: ['/usr/bin/colcon', 'build']
[0.166s] DEBUG:colcon:Parsed command line arguments: Namespace(log_base=None, log_level=None, verb_name='build', build_base='build', install_base='install', merge_install=False, symlink_install=False, test_result_base=None, continue_on_error=False, executor='parallel', parallel_workers=64, event_handlers=None, ignore_user_meta=False, metas=['./colcon.meta'], base_paths=['.'], packages_ignore=None, packages_ignore_regex=None, paths=None, packages_up_to=None, packages_up_to_regex=None, packages_above=None, packages_above_and_dependencies=None, packages_above_depth=None, packages_select_by_dep=None, packages_skip_by_dep=None, packages_skip_up_to=None, packages_select_build_failed=False, packages_skip_build_finished=False, packages_select_test_failures=False, packages_skip_test_passed=False, packages_select=None, packages_skip=None, packages_select_regex=None, packages_skip_regex=None, packages_start=None, packages_end=None, allow_overriding=[], cmake_args=None, cmake_target=None, cmake_target_skip_unavailable=False, cmake_clean_cache=False, cmake_clean_first=False, cmake_force_configure=False, ament_cmake_args=None, catkin_cmake_args=None, catkin_skip_building_tests=False, verb_parser=<colcon_defaults.argument_parser.defaults.DefaultArgumentsDecorator object at 0x7fd450adb1f0>, verb_extension=<colcon_core.verb.build.BuildVerb object at 0x7fd450c946a0>, main=<bound method BuildVerb.main of <colcon_core.verb.build.BuildVerb object at 0x7fd450c946a0>>)
[0.456s] Level 1:colcon.colcon_core.package_discovery:discover_packages(colcon_meta) check parameters
[0.457s] Level 1:colcon.colcon_core.package_discovery:discover_packages(recursive) check parameters
[0.457s] Level 1:colcon.colcon_core.package_discovery:discover_packages(ignore) check parameters
[0.457s] Level 1:colcon.colcon_core.package_discovery:discover_packages(path) check parameters
[0.457s] Level 1:colcon.colcon_core.package_discovery:discover_packages(colcon_meta) discover
[0.458s] Level 1:colcon.colcon_core.package_discovery:discover_packages(recursive) discover
[0.458s] INFO:colcon.colcon_core.package_discovery:Crawling recursively for packages in '/mnt/c/Users/17863/Downloads/catkin_ws_resilience'
[0.459s] Level 1:colcon.colcon_core.package_identification:_identify(.) by extensions ['ignore', 'ignore_ament_install']
[0.460s] Level 1:colcon.colcon_core.package_identification:_identify(.) by extension 'ignore'
[0.460s] Level 1:colcon.colcon_core.package_identification:_identify(.) by extension 'ignore_ament_install'
[0.461s] Level 1:colcon.colcon_core.package_identification:_identify(.) by extensions ['colcon_pkg']
[0.461s] Level 1:colcon.colcon_core.package_identification:_identify(.) by extension 'colcon_pkg'
[0.461s] Level 1:colcon.colcon_core.package_identification:_identify(.) by extensions ['colcon_meta']
[0.461s] Level 1:colcon.colcon_core.package_identification:_identify(.) by extension 'colcon_meta'
[0.461s] Level 1:colcon.colcon_core.package_identification:_identify(.) by extensions ['ros']
[0.462s] Level 1:colcon.colcon_core.package_identification:_identify(.) by extension 'ros'
[0.476s] Level 1:colcon.colcon_core.package_identification:_identify(.) by extensions ['cmake', 'python']
[0.476s] Level 1:colcon.colcon_core.package_identification:_identify(.) by extension 'cmake'
[0.476s] Level 1:colcon.colcon_core.package_identification:_identify(.) by extension 'python'
[0.477s] Level 1:colcon.colcon_core.package_identification:_identify(.) by extensions ['python_setup_py']
[0.477s] Level 1:colcon.colcon_core.package_identification:_identify(.) by extension 'python_setup_py'
[0.479s] Level 1:colcon.colcon_core.package_identification:_identify(build) by extensions ['ignore', 'ignore_ament_install']
[0.479s] Level 1:colcon.colcon_core.package_identification:_identify(build) by extension 'ignore'
[0.481s] Level 1:colcon.colcon_core.package_identification:_identify(build) ignored
[0.483s] Level 1:colcon.colcon_core.package_identification:_identify(install) by extensions ['ignore', 'ignore_ament_install']
[0.483s] Level 1:colcon.colcon_core.package_identification:_identify(install) by extension 'ignore'
[0.485s] Level 1:colcon.colcon_core.package_identification:_identify(install) ignored
[0.489s] Level 1:colcon.colcon_core.package_identification:_identify(log) by extensions ['ignore', 'ignore_ament_install']
[0.489s] Level 1:colcon.colcon_core.package_identification:_identify(log) by extension 'ignore'
[0.490s] Level 1:colcon.colcon_core.package_identification:_identify(log) ignored
[0.492s] Level 1:colcon.colcon_core.package_identification:_identify(vehicle_controller) by extensions ['ignore', 'ignore_ament_install']
[0.493s] Level 1:colcon.colcon_core.package_identification:_identify(vehicle_controller) by extension 'ignore'
[0.493s] Level 1:colcon.colcon_core.package_identification:_identify(vehicle_controller) by extension 'ignore_ament_install'
[0.495s] Level 1:colcon.colcon_core.package_identification:_identify(vehicle_controller) by extensions ['colcon_pkg']
[0.495s] Level 1:colcon.colcon_core.package_identification:_identify(vehicle_controller) by extension 'colcon_pkg'
[0.496s] Level 1:colcon.colcon_core.package_identification:_identify(vehicle_controller) by extensions ['colcon_meta']
[0.496s] Level 1:colcon.colcon_core.package_identification:_identify(vehicle_controller) by extension 'colcon_meta'
[0.497s] Level 1:colcon.colcon_core.package_identification:_identify(vehicle_controller) by extensions ['ros']
[0.497s] Level 1:colcon.colcon_core.package_identification:_identify(vehicle_controller) by extension 'ros'
[0.510s] DEBUG:colcon.colcon_core.package_identification:Package 'vehicle_controller' with type 'ros.ament_cmake' and name 'vehicle_controller'
[0.512s] Level 1:colcon.colcon_core.package_identification:_identify(vehicle_sender) by extensions ['ignore', 'ignore_ament_install']
[0.513s] Level 1:colcon.colcon_core.package_identification:_identify(vehicle_sender) by extension 'ignore'
[0.513s] Level 1:colcon.colcon_core.package_identification:_identify(vehicle_sender) by extension 'ignore_ament_install'
[0.515s] Level 1:colcon.colcon_core.package_identification:_identify(vehicle_sender) by extensions ['colcon_pkg']
[0.515s] Level 1:colcon.colcon_core.package_identification:_identify(vehicle_sender) by extension 'colcon_pkg'
[0.516s] Level 1:colcon.colcon_core.package_identification:_identify(vehicle_sender) by extensions ['colcon_meta']
[0.516s] Level 1:colcon.colcon_core.package_identification:_identify(vehicle_sender) by extension 'colcon_meta'
[0.517s] Level 1:colcon.colcon_core.package_identification:_identify(vehicle_sender) by extensions ['ros']
[0.517s] Level 1:colcon.colcon_core.package_identification:_identify(vehicle_sender) by extension 'ros'
[0.532s] DEBUG:colcon.colcon_core.package_identification:Found ROS schema reference in package manifest in 'vehicle_sender'
[0.532s] WARNING:colcon.colcon_core.package_identification:Failed to parse ROS package manifest in 'vehicle_sender': Error(s) in package 'vehicle_sender/package.xml':
Error(s):
- The generic dependency on 'rclcpp' is redundant with: build_depend, exec_depend
- The generic dependency on 'geometry_msgs' is redundant with: build_depend, exec_depend
[0.533s] Level 1:colcon.colcon_core.package_identification:_identify(vehicle_sender) by extensions ['cmake', 'python']
[0.534s] Level 1:colcon.colcon_core.package_identification:_identify(vehicle_sender) by extension 'cmake'
[0.552s] Level 1:colcon.colcon_core.package_identification:_identify(vehicle_sender) by extension 'python'
[0.553s] DEBUG:colcon.colcon_core.package_identification:Package 'vehicle_sender' with type 'cmake' and name 'vehicle_sender'
[0.553s] Level 1:colcon.colcon_core.package_discovery:discover_packages(recursive) using defaults
[0.553s] Level 1:colcon.colcon_core.package_discovery:discover_packages(ignore) discover
[0.554s] Level 1:colcon.colcon_core.package_discovery:discover_packages(ignore) using defaults
[0.554s] Level 1:colcon.colcon_core.package_discovery:discover_packages(path) discover
[0.554s] Level 1:colcon.colcon_core.package_discovery:discover_packages(path) using defaults
[0.576s] Level 1:colcon.colcon_core.package_discovery:discover_packages(prefix_path) check parameters
[0.576s] Level 1:colcon.colcon_core.package_discovery:discover_packages(prefix_path) discover
[0.579s] DEBUG:colcon.colcon_installed_package_information.package_discovery:Found 273 installed packages in /opt/ros/humble
[0.581s] Level 1:colcon.colcon_core.package_discovery:discover_packages(prefix_path) using defaults
[0.672s] Level 5:colcon.colcon_core.verb:set package 'vehicle_controller' build argument 'cmake_args' from command line to 'None'
[0.672s] Level 5:colcon.colcon_core.verb:set package 'vehicle_controller' build argument 'cmake_target' from command line to 'None'
[0.672s] Level 5:colcon.colcon_core.verb:set package 'vehicle_controller' build argument 'cmake_target_skip_unavailable' from command line to 'False'
[0.672s] Level 5:colcon.colcon_core.verb:set package 'vehicle_controller' build argument 'cmake_clean_cache' from command line to 'False'
[0.673s] Level 5:colcon.colcon_core.verb:set package 'vehicle_controller' build argument 'cmake_clean_first' from command line to 'False'
[0.673s] Level 5:colcon.colcon_core.verb:set package 'vehicle_controller' build argument 'cmake_force_configure' from command line to 'False'
[0.673s] Level 5:colcon.colcon_core.verb:set package 'vehicle_controller' build argument 'ament_cmake_args' from command line to 'None'
[0.673s] Level 5:colcon.colcon_core.verb:set package 'vehicle_controller' build argument 'catkin_cmake_args' from command line to 'None'
[0.673s] Level 5:colcon.colcon_core.verb:set package 'vehicle_controller' build argument 'catkin_skip_building_tests' from command line to 'False'
[0.674s] DEBUG:colcon.colcon_core.verb:Building package 'vehicle_controller' with the following arguments: {'ament_cmake_args': None, 'build_base': '/mnt/c/Users/17863/Downloads/catkin_ws_resilience/build/vehicle_controller', 'catkin_cmake_args': None, 'catkin_skip_building_tests': False, 'cmake_args': None, 'cmake_clean_cache': False, 'cmake_clean_first': False, 'cmake_force_configure': False, 'cmake_target': None, 'cmake_target_skip_unavailable': False, 'install_base': '/mnt/c/Users/17863/Downloads/catkin_ws_resilience/install/vehicle_controller', 'merge_install': False, 'path': '/mnt/c/Users/17863/Downloads/catkin_ws_resilience/vehicle_controller', 'symlink_install': False, 'test_result_base': None}
[0.674s] Level 5:colcon.colcon_core.verb:set package 'vehicle_sender' build argument 'cmake_args' from command line to 'None'
[0.674s] Level 5:colcon.colcon_core.verb:set package 'vehicle_sender' build argument 'cmake_target' from command line to 'None'
[0.675s] Level 5:colcon.colcon_core.verb:set package 'vehicle_sender' build argument 'cmake_target_skip_unavailable' from command line to 'False'
[0.675s] Level 5:colcon.colcon_core.verb:set package 'vehicle_sender' build argument 'cmake_clean_cache' from command line to 'False'
[0.675s] Level 5:colcon.colcon_core.verb:set package 'vehicle_sender' build argument 'cmake_clean_first' from command line to 'False'
[0.675s] Level 5:colcon.colcon_core.verb:set package 'vehicle_sender' build argument 'cmake_force_configure' from command line to 'False'
[0.675s] Level 5:colcon.colcon_core.verb:set package 'vehicle_sender' build argument 'ament_cmake_args' from command line to 'None'
[0.676s] Level 5:colcon.colcon_core.verb:set package 'vehicle_sender' build argument 'catkin_cmake_args' from command line to 'None'
[0.676s] Level 5:colcon.colcon_core.verb:set package 'vehicle_sender' build argument 'catkin_skip_building_tests' from command line to 'False'
[0.676s] DEBUG:colcon.colcon_core.verb:Building package 'vehicle_sender' with the following arguments: {'ament_cmake_args': None, 'build_base': '/mnt/c/Users/17863/Downloads/catkin_ws_resilience/build/vehicle_sender', 'catkin_cmake_args': None, 'catkin_skip_building_tests': False, 'cmake_args': None, 'cmake_clean_cache': False, 'cmake_clean_first': False, 'cmake_force_configure': False, 'cmake_target': None, 'cmake_target_skip_unavailable': False, 'install_base': '/mnt/c/Users/17863/Downloads/catkin_ws_resilience/install/vehicle_sender', 'merge_install': False, 'path': '/mnt/c/Users/17863/Downloads/catkin_ws_resilience/vehicle_sender', 'symlink_install': False, 'test_result_base': None}
[0.676s] INFO:colcon.colcon_core.executor:Executing jobs using 'parallel' executor
[0.678s] DEBUG:colcon.colcon_parallel_executor.executor.parallel:run_until_complete
[0.678s] INFO:colcon.colcon_ros.task.ament_cmake.build:Building ROS package in '/mnt/c/Users/17863/Downloads/catkin_ws_resilience/vehicle_controller' with build type 'ament_cmake'
[0.679s] INFO:colcon.colcon_cmake.task.cmake.build:Building CMake package in '/mnt/c/Users/17863/Downloads/catkin_ws_resilience/vehicle_controller'
[0.682s] INFO:colcon.colcon_core.plugin_system:Skipping extension 'colcon_core.shell.bat': Not used on non-Windows systems
[0.682s] INFO:colcon.colcon_core.shell:Skip shell extension 'powershell' for command environment: Not usable outside of PowerShell
[0.682s] DEBUG:colcon.colcon_core.shell:Skip shell extension 'dsv' for command environment
[0.693s] INFO:colcon.colcon_cmake.task.cmake.build:Building CMake package in '/mnt/c/Users/17863/Downloads/catkin_ws_resilience/vehicle_sender'
[0.694s] INFO:colcon.colcon_core.shell:Skip shell extension 'powershell' for command environment: Not usable outside of PowerShell
[0.694s] DEBUG:colcon.colcon_core.shell:Skip shell extension 'dsv' for command environment
[0.756s] DEBUG:colcon.colcon_core.event_handler.log_command:Invoking command in '/mnt/c/Users/17863/Downloads/catkin_ws_resilience/build/vehicle_controller': CMAKE_PREFIX_PATH=/opt/ros/humble /usr/bin/cmake /mnt/c/Users/17863/Downloads/catkin_ws_resilience/vehicle_controller -DCMAKE_INSTALL_PREFIX=/mnt/c/Users/17863/Downloads/catkin_ws_resilience/install/vehicle_controller
[0.790s] DEBUG:colcon.colcon_core.event_handler.log_command:Invoking command in '/mnt/c/Users/17863/Downloads/catkin_ws_resilience/build/vehicle_sender': /usr/bin/cmake /mnt/c/Users/17863/Downloads/catkin_ws_resilience/vehicle_sender -DCMAKE_INSTALL_PREFIX=/mnt/c/Users/17863/Downloads/catkin_ws_resilience/install/vehicle_sender
[7.241s] DEBUG:colcon.colcon_core.event_handler.log_command:Invoked command in '/mnt/c/Users/17863/Downloads/catkin_ws_resilience/build/vehicle_sender' returned '1': /usr/bin/cmake /mnt/c/Users/17863/Downloads/catkin_ws_resilience/vehicle_sender -DCMAKE_INSTALL_PREFIX=/mnt/c/Users/17863/Downloads/catkin_ws_resilience/install/vehicle_sender
[8.284s] DEBUG:colcon.colcon_parallel_executor.executor.parallel:closing loop
[8.285s] DEBUG:colcon.colcon_parallel_executor.executor.parallel:loop closed
[8.285s] DEBUG:colcon.colcon_parallel_executor.executor.parallel:run_until_complete finished with '1'
[8.285s] DEBUG:colcon.colcon_core.event_reactor:joining thread
[8.343s] INFO:colcon.colcon_core.plugin_system:Skipping extension 'colcon_notification.desktop_notification.notify_send': Could not find 'notify-send'
[8.343s] INFO:colcon.colcon_core.plugin_system:Skipping extension 'colcon_notification.desktop_notification.terminal_notifier': Not used on non-Darwin systems
[8.344s] INFO:colcon.colcon_core.plugin_system:Skipping extension 'colcon_notification.desktop_notification.win32': Not used on non-Windows systems
[8.344s] INFO:colcon.colcon_notification.desktop_notification:Sending desktop notification using 'notify2'
[8.344s] DEBUG:colcon.colcon_notification.desktop_notification.notify2:Failed to initialize notify2: org.freedesktop.DBus.Error.FileNotFound: Failed to connect to socket /run/user/1000/bus: No such file or directory
[8.344s] DEBUG:colcon.colcon_core.event_reactor:joined thread
[8.345s] INFO:colcon.colcon_core.shell:Creating prefix script '/mnt/c/Users/17863/Downloads/catkin_ws_resilience/install/local_setup.ps1'
[8.351s] INFO:colcon.colcon_core.shell:Creating prefix util module '/mnt/c/Users/17863/Downloads/catkin_ws_resilience/install/_local_setup_util_ps1.py'
[8.358s] INFO:colcon.colcon_core.shell:Creating prefix chain script '/mnt/c/Users/17863/Downloads/catkin_ws_resilience/install/setup.ps1'
[8.365s] INFO:colcon.colcon_core.shell:Creating prefix script '/mnt/c/Users/17863/Downloads/catkin_ws_resilience/install/local_setup.sh'
[8.371s] INFO:colcon.colcon_core.shell:Creating prefix util module '/mnt/c/Users/17863/Downloads/catkin_ws_resilience/install/_local_setup_util_sh.py'
[8.378s] INFO:colcon.colcon_core.shell:Creating prefix chain script '/mnt/c/Users/17863/Downloads/catkin_ws_resilience/install/setup.sh'
[8.384s] INFO:colcon.colcon_core.shell:Creating prefix script '/mnt/c/Users/17863/Downloads/catkin_ws_resilience/install/local_setup.bash'
[8.391s] INFO:colcon.colcon_core.shell:Creating prefix chain script '/mnt/c/Users/17863/Downloads/catkin_ws_resilience/install/setup.bash'
[8.398s] INFO:colcon.colcon_core.shell:Creating prefix script '/mnt/c/Users/17863/Downloads/catkin_ws_resilience/install/local_setup.zsh'
[8.405s] INFO:colcon.colcon_core.shell:Creating prefix chain script '/mnt/c/Users/17863/Downloads/catkin_ws_resilience/install/setup.zsh'
