[0.083s] Invoking command in '/mnt/c/Users/17863/Downloads/catkin_ws_resilience/build/vehicle_sender': CMAKE_PREFIX_PATH=/opt/ros/humble /usr/bin/cmake --build /mnt/c/Users/17863/Downloads/catkin_ws_resilience/build/vehicle_sender -- -j64 -l64
[0.267s] [100%] Built target vehicle_sender_node
[0.297s] Invoked command in '/mnt/c/Users/17863/Downloads/catkin_ws_resilience/build/vehicle_sender' returned '0': CMAKE_PREFIX_PATH=/opt/ros/humble /usr/bin/cmake --build /mnt/c/Users/17863/Downloads/catkin_ws_resilience/build/vehicle_sender -- -j64 -l64
[0.325s] Invoking command in '/mnt/c/Users/17863/Downloads/catkin_ws_resilience/build/vehicle_sender': CMAKE_PREFIX_PATH=/opt/ros/humble /usr/bin/cmake --install /mnt/c/Users/17863/Downloads/catkin_ws_resilience/build/vehicle_sender
[0.334s] -- Install configuration: ""
[0.381s] -- Up-to-date: /mnt/c/Users/17863/Downloads/catkin_ws_resilience/install/vehicle_sender/lib/vehicle_sender/vehicle_sender_node
[0.452s] -- Up-to-date: /mnt/c/Users/17863/Downloads/catkin_ws_resilience/install/vehicle_sender/share/ament_index/resource_index/package_run_dependencies/vehicle_sender
[0.490s] -- Up-to-date: /mnt/c/Users/17863/Downloads/catkin_ws_resilience/install/vehicle_sender/share/ament_index/resource_index/parent_prefix_path/vehicle_sender
[0.507s] -- Up-to-date: /mnt/c/Users/17863/Downloads/catkin_ws_resilience/install/vehicle_sender/share/vehicle_sender/environment/ament_prefix_path.sh
[0.531s] -- Up-to-date: /mnt/c/Users/17863/Downloads/catkin_ws_resilience/install/vehicle_sender/share/vehicle_sender/environment/ament_prefix_path.dsv
[0.549s] -- Up-to-date: /mnt/c/Users/17863/Downloads/catkin_ws_resilience/install/vehicle_sender/share/vehicle_sender/environment/path.sh
[0.573s] -- Up-to-date: /mnt/c/Users/17863/Downloads/catkin_ws_resilience/install/vehicle_sender/share/vehicle_sender/environment/path.dsv
[0.595s] -- Up-to-date: /mnt/c/Users/17863/Downloads/catkin_ws_resilience/install/vehicle_sender/share/vehicle_sender/local_setup.bash
[0.615s] -- Up-to-date: /mnt/c/Users/17863/Downloads/catkin_ws_resilience/install/vehicle_sender/share/vehicle_sender/local_setup.sh
[0.634s] -- Up-to-date: /mnt/c/Users/17863/Downloads/catkin_ws_resilience/install/vehicle_sender/share/vehicle_sender/local_setup.zsh
[0.654s] -- Up-to-date: /mnt/c/Users/17863/Downloads/catkin_ws_resilience/install/vehicle_sender/share/vehicle_sender/local_setup.dsv
[0.675s] -- Up-to-date: /mnt/c/Users/17863/Downloads/catkin_ws_resilience/install/vehicle_sender/share/vehicle_sender/package.dsv
[0.707s] -- Up-to-date: /mnt/c/Users/17863/Downloads/catkin_ws_resilience/install/vehicle_sender/share/ament_index/resource_index/packages/vehicle_sender
[0.732s] -- Up-to-date: /mnt/c/Users/17863/Downloads/catkin_ws_resilience/install/vehicle_sender/share/vehicle_sender/cmake/vehicle_senderConfig.cmake
[0.750s] -- Up-to-date: /mnt/c/Users/17863/Downloads/catkin_ws_resilience/install/vehicle_sender/share/vehicle_sender/cmake/vehicle_senderConfig-version.cmake
[0.771s] -- Up-to-date: /mnt/c/Users/17863/Downloads/catkin_ws_resilience/install/vehicle_sender/share/vehicle_sender/package.xml
[0.782s] Invoked command in '/mnt/c/Users/17863/Downloads/catkin_ws_resilience/build/vehicle_sender' returned '0': CMAKE_PREFIX_PATH=/opt/ros/humble /usr/bin/cmake --install /mnt/c/Users/17863/Downloads/catkin_ws_resilience/build/vehicle_sender
