[0.089s] Invoking command in '/mnt/c/Users/17863/Downloads/catkin_ws_resilience/build/vehicle_sender': CMAKE_PREFIX_PATH=/opt/ros/humble /usr/bin/cmake /mnt/c/Users/17863/Downloads/catkin_ws_resilience/vehicle_sender -DCMAKE_INSTALL_PREFIX=/mnt/c/Users/17863/Downloads/catkin_ws_resilience/install/vehicle_sender
[0.151s] -- Found ament_cmake: 1.3.11 (/opt/ros/humble/share/ament_cmake/cmake)
[0.306s] -- Found rclcpp: 16.0.11 (/opt/ros/humble/share/rclcpp/cmake)
[0.431s] -- Found rosidl_generator_c: 3.1.6 (/opt/ros/humble/share/rosidl_generator_c/cmake)
[0.433s] -- Found rosidl_adapter: 3.1.6 (/opt/ros/humble/share/rosidl_adapter/cmake)
[0.438s] -- Found rosidl_generator_cpp: 3.1.6 (/opt/ros/humble/share/rosidl_generator_cpp/cmake)
[0.447s] -- Using all available rosidl_typesupport_c: rosidl_typesupport_fastrtps_c;rosidl_typesupport_introspection_c
[0.459s] -- Using all available rosidl_typesupport_cpp: rosidl_typesupport_fastrtps_cpp;rosidl_typesupport_introspection_cpp
[0.486s] -- Found rmw_implementation_cmake: 6.1.2 (/opt/ros/humble/share/rmw_implementation_cmake/cmake)
[0.487s] -- Found rmw_fastrtps_cpp: 6.2.7 (/opt/ros/humble/share/rmw_fastrtps_cpp/cmake)
[2.283s] -- Using RMW implementation 'rmw_fastrtps_cpp' as default
[2.324s] -- Found geometry_msgs: 4.2.4 (/opt/ros/humble/share/geometry_msgs/cmake)
[2.333s] -- Found ament_lint_auto: 0.12.11 (/opt/ros/humble/share/ament_lint_auto/cmake)
[2.874s] -- Added test 'cppcheck' to perform static code analysis on C / C++ code
[2.875s] -- Configured cppcheck include dirs: 
[2.876s] -- Configured cppcheck exclude dirs and/or files: 
[2.955s] -- Added test 'lint_cmake' to check CMake code style
[3.192s] -- Added test 'uncrustify' to check C / C++ code style
[3.193s] -- Configured uncrustify additional arguments: 
[3.223s] -- Added test 'xmllint' to check XML markup files
[3.355s] -- Configuring done
[3.717s] -- Generating done
[3.920s] -- Build files have been written to: /mnt/c/Users/17863/Downloads/catkin_ws_resilience/build/vehicle_sender
