[0.069s] Invoking command in '/mnt/c/Users/17863/Downloads/catkin_ws_resilience/build/vehicle_controller': CMAKE_PREFIX_PATH=/opt/ros/humble /usr/bin/cmake /mnt/c/Users/17863/Downloads/catkin_ws_resilience/vehicle_controller -DCMAKE_INSTALL_PREFIX=/mnt/c/Users/17863/Downloads/catkin_ws_resilience/install/vehicle_controller
[0.133s] -- Found ament_cmake: 1.3.11 (/opt/ros/humble/share/ament_cmake/cmake)
[0.288s] -- Found rclcpp: 16.0.11 (/opt/ros/humble/share/rclcpp/cmake)
[0.420s] -- Found rosidl_generator_c: 3.1.6 (/opt/ros/humble/share/rosidl_generator_c/cmake)
[0.422s] -- Found rosidl_adapter: 3.1.6 (/opt/ros/humble/share/rosidl_adapter/cmake)
[0.427s] -- Found rosidl_generator_cpp: 3.1.6 (/opt/ros/humble/share/rosidl_generator_cpp/cmake)
[0.436s] -- Using all available rosidl_typesupport_c: rosidl_typesupport_fastrtps_c;rosidl_typesupport_introspection_c
[0.447s] -- Using all available rosidl_typesupport_cpp: rosidl_typesupport_fastrtps_cpp;rosidl_typesupport_introspection_cpp
[0.474s] -- Found rmw_implementation_cmake: 6.1.2 (/opt/ros/humble/share/rmw_implementation_cmake/cmake)
[0.476s] -- Found rmw_fastrtps_cpp: 6.2.7 (/opt/ros/humble/share/rmw_fastrtps_cpp/cmake)
[2.294s] -- Using RMW implementation 'rmw_fastrtps_cpp' as default
[2.335s] -- Found geometry_msgs: 4.2.4 (/opt/ros/humble/share/geometry_msgs/cmake)
[3.707s] [31mCMake Error at CMakeLists.txt:13 (find_package):
[3.709s]   By not providing "Findautoware_auto_control_msgs.cmake" in
[3.710s]   CMAKE_MODULE_PATH this project has asked CMake to find a package
[3.711s]   configuration file provided by "autoware_auto_control_msgs", but CMake did
[3.712s]   not find one.
[3.713s] 
[3.713s]   Could not find a package configuration file provided by
[3.714s]   "autoware_auto_control_msgs" with any of the following names:
[3.715s] 
[3.716s]     autoware_auto_control_msgsConfig.cmake
[3.717s]     autoware_auto_control_msgs-config.cmake
[3.718s] 
[3.719s]   Add the installation prefix of "autoware_auto_control_msgs" to
[3.720s]   CMAKE_PREFIX_PATH or set "autoware_auto_control_msgs_DIR" to a directory
[3.721s]   containing one of the above files.  If "autoware_auto_control_msgs"
[3.722s]   provides a separate development package or SDK, be sure it has been
[3.723s]   installed.
[3.724s] 
[3.725s] [0m
[3.726s] -- Configuring incomplete, errors occurred!
[3.727s] See also "/mnt/c/Users/17863/Downloads/catkin_ws_resilience/build/vehicle_controller/CMakeFiles/CMakeOutput.log".
[3.733s] Invoked command in '/mnt/c/Users/17863/Downloads/catkin_ws_resilience/build/vehicle_controller' returned '1': CMAKE_PREFIX_PATH=/opt/ros/humble /usr/bin/cmake /mnt/c/Users/17863/Downloads/catkin_ws_resilience/vehicle_controller -DCMAKE_INSTALL_PREFIX=/mnt/c/Users/17863/Downloads/catkin_ws_resilience/install/vehicle_controller
