[0.185s] DEBUG:colcon:Command line arguments: ['/usr/bin/colcon', 'build']
[0.186s] DEBUG:colcon:Parsed command line arguments: Namespace(log_base=None, log_level=None, verb_name='build', build_base='build', install_base='install', merge_install=False, symlink_install=False, test_result_base=None, continue_on_error=False, executor='parallel', parallel_workers=64, event_handlers=None, ignore_user_meta=False, metas=['./colcon.meta'], base_paths=['.'], packages_ignore=None, packages_ignore_regex=None, paths=None, packages_up_to=None, packages_up_to_regex=None, packages_above=None, packages_above_and_dependencies=None, packages_above_depth=None, packages_select_by_dep=None, packages_skip_by_dep=None, packages_skip_up_to=None, packages_select_build_failed=False, packages_skip_build_finished=False, packages_select_test_failures=False, packages_skip_test_passed=False, packages_select=None, packages_skip=None, packages_select_regex=None, packages_skip_regex=None, packages_start=None, packages_end=None, allow_overriding=[], cmake_args=None, cmake_target=None, cmake_target_skip_unavailable=False, cmake_clean_cache=False, cmake_clean_first=False, cmake_force_configure=False, ament_cmake_args=None, catkin_cmake_args=None, catkin_skip_building_tests=False, verb_parser=<colcon_defaults.argument_parser.defaults.DefaultArgumentsDecorator object at 0x7f716d31b1f0>, verb_extension=<colcon_core.verb.build.BuildVerb object at 0x7f716d4d86a0>, main=<bound method BuildVerb.main of <colcon_core.verb.build.BuildVerb object at 0x7f716d4d86a0>>)
[0.318s] Level 1:colcon.colcon_core.package_discovery:discover_packages(colcon_meta) check parameters
[0.318s] Level 1:colcon.colcon_core.package_discovery:discover_packages(recursive) check parameters
[0.318s] Level 1:colcon.colcon_core.package_discovery:discover_packages(ignore) check parameters
[0.319s] Level 1:colcon.colcon_core.package_discovery:discover_packages(path) check parameters
[0.319s] Level 1:colcon.colcon_core.package_discovery:discover_packages(colcon_meta) discover
[0.319s] Level 1:colcon.colcon_core.package_discovery:discover_packages(recursive) discover
[0.319s] INFO:colcon.colcon_core.package_discovery:Crawling recursively for packages in '/mnt/c/Users/17863/Downloads/catkin_ws_resilience'
[0.321s] Level 1:colcon.colcon_core.package_identification:_identify(.) by extensions ['ignore', 'ignore_ament_install']
[0.321s] Level 1:colcon.colcon_core.package_identification:_identify(.) by extension 'ignore'
[0.321s] Level 1:colcon.colcon_core.package_identification:_identify(.) by extension 'ignore_ament_install'
[0.322s] Level 1:colcon.colcon_core.package_identification:_identify(.) by extensions ['colcon_pkg']
[0.322s] Level 1:colcon.colcon_core.package_identification:_identify(.) by extension 'colcon_pkg'
[0.323s] Level 1:colcon.colcon_core.package_identification:_identify(.) by extensions ['colcon_meta']
[0.323s] Level 1:colcon.colcon_core.package_identification:_identify(.) by extension 'colcon_meta'
[0.323s] Level 1:colcon.colcon_core.package_identification:_identify(.) by extensions ['ros']
[0.323s] Level 1:colcon.colcon_core.package_identification:_identify(.) by extension 'ros'
[0.334s] Level 1:colcon.colcon_core.package_identification:_identify(.) by extensions ['cmake', 'python']
[0.334s] Level 1:colcon.colcon_core.package_identification:_identify(.) by extension 'cmake'
[0.335s] Level 1:colcon.colcon_core.package_identification:_identify(.) by extension 'python'
[0.335s] Level 1:colcon.colcon_core.package_identification:_identify(.) by extensions ['python_setup_py']
[0.335s] Level 1:colcon.colcon_core.package_identification:_identify(.) by extension 'python_setup_py'
[0.338s] Level 1:colcon.colcon_core.package_identification:_identify(build) by extensions ['ignore', 'ignore_ament_install']
[0.338s] Level 1:colcon.colcon_core.package_identification:_identify(build) by extension 'ignore'
[0.339s] Level 1:colcon.colcon_core.package_identification:_identify(build) ignored
[0.342s] Level 1:colcon.colcon_core.package_identification:_identify(install) by extensions ['ignore', 'ignore_ament_install']
[0.342s] Level 1:colcon.colcon_core.package_identification:_identify(install) by extension 'ignore'
[0.344s] Level 1:colcon.colcon_core.package_identification:_identify(install) ignored
[0.348s] Level 1:colcon.colcon_core.package_identification:_identify(log) by extensions ['ignore', 'ignore_ament_install']
[0.348s] Level 1:colcon.colcon_core.package_identification:_identify(log) by extension 'ignore'
[0.349s] Level 1:colcon.colcon_core.package_identification:_identify(log) ignored
[0.352s] Level 1:colcon.colcon_core.package_identification:_identify(vehicle_controller) by extensions ['ignore', 'ignore_ament_install']
[0.352s] Level 1:colcon.colcon_core.package_identification:_identify(vehicle_controller) by extension 'ignore'
[0.354s] Level 1:colcon.colcon_core.package_identification:_identify(vehicle_controller) by extension 'ignore_ament_install'
[0.355s] Level 1:colcon.colcon_core.package_identification:_identify(vehicle_controller) by extensions ['colcon_pkg']
[0.356s] Level 1:colcon.colcon_core.package_identification:_identify(vehicle_controller) by extension 'colcon_pkg'
[0.356s] Level 1:colcon.colcon_core.package_identification:_identify(vehicle_controller) by extensions ['colcon_meta']
[0.357s] Level 1:colcon.colcon_core.package_identification:_identify(vehicle_controller) by extension 'colcon_meta'
[0.357s] Level 1:colcon.colcon_core.package_identification:_identify(vehicle_controller) by extensions ['ros']
[0.358s] Level 1:colcon.colcon_core.package_identification:_identify(vehicle_controller) by extension 'ros'
[0.369s] DEBUG:colcon.colcon_core.package_identification:Package 'vehicle_controller' with type 'ros.ament_cmake' and name 'vehicle_controller'
[0.371s] Level 1:colcon.colcon_core.package_identification:_identify(vehicle_sender) by extensions ['ignore', 'ignore_ament_install']
[0.372s] Level 1:colcon.colcon_core.package_identification:_identify(vehicle_sender) by extension 'ignore'
[0.373s] Level 1:colcon.colcon_core.package_identification:_identify(vehicle_sender) by extension 'ignore_ament_install'
[0.374s] Level 1:colcon.colcon_core.package_identification:_identify(vehicle_sender) by extensions ['colcon_pkg']
[0.375s] Level 1:colcon.colcon_core.package_identification:_identify(vehicle_sender) by extension 'colcon_pkg'
[0.376s] Level 1:colcon.colcon_core.package_identification:_identify(vehicle_sender) by extensions ['colcon_meta']
[0.376s] Level 1:colcon.colcon_core.package_identification:_identify(vehicle_sender) by extension 'colcon_meta'
[0.377s] Level 1:colcon.colcon_core.package_identification:_identify(vehicle_sender) by extensions ['ros']
[0.377s] Level 1:colcon.colcon_core.package_identification:_identify(vehicle_sender) by extension 'ros'
[0.388s] DEBUG:colcon.colcon_core.package_identification:Package 'vehicle_sender' with type 'ros.ament_cmake' and name 'vehicle_sender'
[0.388s] Level 1:colcon.colcon_core.package_discovery:discover_packages(recursive) using defaults
[0.389s] Level 1:colcon.colcon_core.package_discovery:discover_packages(ignore) discover
[0.389s] Level 1:colcon.colcon_core.package_discovery:discover_packages(ignore) using defaults
[0.389s] Level 1:colcon.colcon_core.package_discovery:discover_packages(path) discover
[0.389s] Level 1:colcon.colcon_core.package_discovery:discover_packages(path) using defaults
[0.409s] Level 1:colcon.colcon_core.package_discovery:discover_packages(prefix_path) check parameters
[0.409s] Level 1:colcon.colcon_core.package_discovery:discover_packages(prefix_path) discover
[0.412s] DEBUG:colcon.colcon_installed_package_information.package_discovery:Found 273 installed packages in /opt/ros/humble
[0.427s] Level 1:colcon.colcon_core.package_discovery:discover_packages(prefix_path) using defaults
[0.458s] Level 5:colcon.colcon_core.verb:set package 'vehicle_controller' build argument 'cmake_args' from command line to 'None'
[0.458s] Level 5:colcon.colcon_core.verb:set package 'vehicle_controller' build argument 'cmake_target' from command line to 'None'
[0.459s] Level 5:colcon.colcon_core.verb:set package 'vehicle_controller' build argument 'cmake_target_skip_unavailable' from command line to 'False'
[0.459s] Level 5:colcon.colcon_core.verb:set package 'vehicle_controller' build argument 'cmake_clean_cache' from command line to 'False'
[0.459s] Level 5:colcon.colcon_core.verb:set package 'vehicle_controller' build argument 'cmake_clean_first' from command line to 'False'
[0.460s] Level 5:colcon.colcon_core.verb:set package 'vehicle_controller' build argument 'cmake_force_configure' from command line to 'False'
[0.460s] Level 5:colcon.colcon_core.verb:set package 'vehicle_controller' build argument 'ament_cmake_args' from command line to 'None'
[0.460s] Level 5:colcon.colcon_core.verb:set package 'vehicle_controller' build argument 'catkin_cmake_args' from command line to 'None'
[0.460s] Level 5:colcon.colcon_core.verb:set package 'vehicle_controller' build argument 'catkin_skip_building_tests' from command line to 'False'
[0.460s] DEBUG:colcon.colcon_core.verb:Building package 'vehicle_controller' with the following arguments: {'ament_cmake_args': None, 'build_base': '/mnt/c/Users/17863/Downloads/catkin_ws_resilience/build/vehicle_controller', 'catkin_cmake_args': None, 'catkin_skip_building_tests': False, 'cmake_args': None, 'cmake_clean_cache': False, 'cmake_clean_first': False, 'cmake_force_configure': False, 'cmake_target': None, 'cmake_target_skip_unavailable': False, 'install_base': '/mnt/c/Users/17863/Downloads/catkin_ws_resilience/install/vehicle_controller', 'merge_install': False, 'path': '/mnt/c/Users/17863/Downloads/catkin_ws_resilience/vehicle_controller', 'symlink_install': False, 'test_result_base': None}
[0.461s] Level 5:colcon.colcon_core.verb:set package 'vehicle_sender' build argument 'cmake_args' from command line to 'None'
[0.461s] Level 5:colcon.colcon_core.verb:set package 'vehicle_sender' build argument 'cmake_target' from command line to 'None'
[0.461s] Level 5:colcon.colcon_core.verb:set package 'vehicle_sender' build argument 'cmake_target_skip_unavailable' from command line to 'False'
[0.461s] Level 5:colcon.colcon_core.verb:set package 'vehicle_sender' build argument 'cmake_clean_cache' from command line to 'False'
[0.462s] Level 5:colcon.colcon_core.verb:set package 'vehicle_sender' build argument 'cmake_clean_first' from command line to 'False'
[0.462s] Level 5:colcon.colcon_core.verb:set package 'vehicle_sender' build argument 'cmake_force_configure' from command line to 'False'
[0.462s] Level 5:colcon.colcon_core.verb:set package 'vehicle_sender' build argument 'ament_cmake_args' from command line to 'None'
[0.462s] Level 5:colcon.colcon_core.verb:set package 'vehicle_sender' build argument 'catkin_cmake_args' from command line to 'None'
[0.462s] Level 5:colcon.colcon_core.verb:set package 'vehicle_sender' build argument 'catkin_skip_building_tests' from command line to 'False'
[0.463s] DEBUG:colcon.colcon_core.verb:Building package 'vehicle_sender' with the following arguments: {'ament_cmake_args': None, 'build_base': '/mnt/c/Users/17863/Downloads/catkin_ws_resilience/build/vehicle_sender', 'catkin_cmake_args': None, 'catkin_skip_building_tests': False, 'cmake_args': None, 'cmake_clean_cache': False, 'cmake_clean_first': False, 'cmake_force_configure': False, 'cmake_target': None, 'cmake_target_skip_unavailable': False, 'install_base': '/mnt/c/Users/17863/Downloads/catkin_ws_resilience/install/vehicle_sender', 'merge_install': False, 'path': '/mnt/c/Users/17863/Downloads/catkin_ws_resilience/vehicle_sender', 'symlink_install': False, 'test_result_base': None}
[0.463s] INFO:colcon.colcon_core.executor:Executing jobs using 'parallel' executor
[0.464s] DEBUG:colcon.colcon_parallel_executor.executor.parallel:run_until_complete
[0.465s] INFO:colcon.colcon_ros.task.ament_cmake.build:Building ROS package in '/mnt/c/Users/17863/Downloads/catkin_ws_resilience/vehicle_controller' with build type 'ament_cmake'
[0.465s] INFO:colcon.colcon_cmake.task.cmake.build:Building CMake package in '/mnt/c/Users/17863/Downloads/catkin_ws_resilience/vehicle_controller'
[0.468s] INFO:colcon.colcon_core.plugin_system:Skipping extension 'colcon_core.shell.bat': Not used on non-Windows systems
[0.468s] INFO:colcon.colcon_core.shell:Skip shell extension 'powershell' for command environment: Not usable outside of PowerShell
[0.468s] DEBUG:colcon.colcon_core.shell:Skip shell extension 'dsv' for command environment
[0.482s] INFO:colcon.colcon_ros.task.ament_cmake.build:Building ROS package in '/mnt/c/Users/17863/Downloads/catkin_ws_resilience/vehicle_sender' with build type 'ament_cmake'
[0.483s] INFO:colcon.colcon_cmake.task.cmake.build:Building CMake package in '/mnt/c/Users/17863/Downloads/catkin_ws_resilience/vehicle_sender'
[0.483s] INFO:colcon.colcon_core.shell:Skip shell extension 'powershell' for command environment: Not usable outside of PowerShell
[0.484s] DEBUG:colcon.colcon_core.shell:Skip shell extension 'dsv' for command environment
[0.536s] DEBUG:colcon.colcon_core.event_handler.log_command:Invoking command in '/mnt/c/Users/17863/Downloads/catkin_ws_resilience/build/vehicle_controller': CMAKE_PREFIX_PATH=/opt/ros/humble /usr/bin/cmake --build /mnt/c/Users/17863/Downloads/catkin_ws_resilience/build/vehicle_controller -- -j64 -l64
[0.565s] DEBUG:colcon.colcon_core.event_handler.log_command:Invoking command in '/mnt/c/Users/17863/Downloads/catkin_ws_resilience/build/vehicle_sender': CMAKE_PREFIX_PATH=/opt/ros/humble /usr/bin/cmake --build /mnt/c/Users/17863/Downloads/catkin_ws_resilience/build/vehicle_sender -- -j64 -l64
[1.150s] DEBUG:colcon.colcon_core.event_handler.log_command:Invoked command in '/mnt/c/Users/17863/Downloads/catkin_ws_resilience/build/vehicle_sender' returned '0': CMAKE_PREFIX_PATH=/opt/ros/humble /usr/bin/cmake --build /mnt/c/Users/17863/Downloads/catkin_ws_resilience/build/vehicle_sender -- -j64 -l64
[1.178s] DEBUG:colcon.colcon_core.event_handler.log_command:Invoking command in '/mnt/c/Users/17863/Downloads/catkin_ws_resilience/build/vehicle_sender': CMAKE_PREFIX_PATH=/opt/ros/humble /usr/bin/cmake --install /mnt/c/Users/17863/Downloads/catkin_ws_resilience/build/vehicle_sender
[1.765s] DEBUG:colcon.colcon_core.event_handler.log_command:Invoked command in '/mnt/c/Users/17863/Downloads/catkin_ws_resilience/build/vehicle_controller' returned '2': CMAKE_PREFIX_PATH=/opt/ros/humble /usr/bin/cmake --build /mnt/c/Users/17863/Downloads/catkin_ws_resilience/build/vehicle_controller -- -j64 -l64
[1.780s] Level 1:colcon.colcon_core.environment:create_environment_scripts_only(vehicle_controller)
[1.782s] Level 1:colcon.colcon_core.environment:checking '/mnt/c/Users/17863/Downloads/catkin_ws_resilience/install/vehicle_controller' for CMake module files
[1.815s] Level 1:colcon.colcon_core.environment:checking '/mnt/c/Users/17863/Downloads/catkin_ws_resilience/install/vehicle_controller' for CMake config files
[1.839s] Level 1:colcon.colcon_core.environment:checking '/mnt/c/Users/17863/Downloads/catkin_ws_resilience/install/vehicle_controller/bin'
[1.841s] Level 1:colcon.colcon_core.environment:checking '/mnt/c/Users/17863/Downloads/catkin_ws_resilience/install/vehicle_controller/lib/pkgconfig/vehicle_controller.pc'
[1.842s] Level 1:colcon.colcon_core.environment:checking '/mnt/c/Users/17863/Downloads/catkin_ws_resilience/install/vehicle_controller/lib/python3.10/site-packages'
[1.843s] Level 1:colcon.colcon_core.environment:checking '/mnt/c/Users/17863/Downloads/catkin_ws_resilience/install/vehicle_controller/bin'
[1.845s] INFO:colcon.colcon_core.shell:Creating package script '/mnt/c/Users/17863/Downloads/catkin_ws_resilience/install/vehicle_controller/share/vehicle_controller/package.ps1'
[1.857s] INFO:colcon.colcon_core.shell:Creating package descriptor '/mnt/c/Users/17863/Downloads/catkin_ws_resilience/install/vehicle_controller/share/vehicle_controller/package.dsv'
[1.870s] INFO:colcon.colcon_core.shell:Creating package script '/mnt/c/Users/17863/Downloads/catkin_ws_resilience/install/vehicle_controller/share/vehicle_controller/package.sh'
[1.882s] INFO:colcon.colcon_core.shell:Creating package script '/mnt/c/Users/17863/Downloads/catkin_ws_resilience/install/vehicle_controller/share/vehicle_controller/package.bash'
[1.894s] INFO:colcon.colcon_core.shell:Creating package script '/mnt/c/Users/17863/Downloads/catkin_ws_resilience/install/vehicle_controller/share/vehicle_controller/package.zsh'
[1.906s] Level 1:colcon.colcon_core.environment:create_file_with_runtime_dependencies(/mnt/c/Users/17863/Downloads/catkin_ws_resilience/install/vehicle_controller/share/colcon-core/packages/vehicle_controller)
[2.632s] DEBUG:colcon.colcon_parallel_executor.executor.parallel:closing loop
[2.632s] DEBUG:colcon.colcon_parallel_executor.executor.parallel:loop closed
[2.632s] DEBUG:colcon.colcon_parallel_executor.executor.parallel:run_until_complete finished with '2'
[2.633s] DEBUG:colcon.colcon_core.event_reactor:joining thread
[2.679s] INFO:colcon.colcon_core.plugin_system:Skipping extension 'colcon_notification.desktop_notification.notify_send': Could not find 'notify-send'
[2.680s] INFO:colcon.colcon_core.plugin_system:Skipping extension 'colcon_notification.desktop_notification.terminal_notifier': Not used on non-Darwin systems
[2.680s] INFO:colcon.colcon_core.plugin_system:Skipping extension 'colcon_notification.desktop_notification.win32': Not used on non-Windows systems
[2.680s] INFO:colcon.colcon_notification.desktop_notification:Sending desktop notification using 'notify2'
[2.681s] DEBUG:colcon.colcon_notification.desktop_notification.notify2:Failed to initialize notify2: org.freedesktop.DBus.Error.FileNotFound: Failed to connect to socket /run/user/1000/bus: No such file or directory
[2.681s] DEBUG:colcon.colcon_core.event_reactor:joined thread
[2.682s] INFO:colcon.colcon_core.shell:Creating prefix script '/mnt/c/Users/17863/Downloads/catkin_ws_resilience/install/local_setup.ps1'
[2.688s] INFO:colcon.colcon_core.shell:Creating prefix util module '/mnt/c/Users/17863/Downloads/catkin_ws_resilience/install/_local_setup_util_ps1.py'
[2.694s] INFO:colcon.colcon_core.shell:Creating prefix chain script '/mnt/c/Users/17863/Downloads/catkin_ws_resilience/install/setup.ps1'
[2.701s] INFO:colcon.colcon_core.shell:Creating prefix script '/mnt/c/Users/17863/Downloads/catkin_ws_resilience/install/local_setup.sh'
[2.707s] INFO:colcon.colcon_core.shell:Creating prefix util module '/mnt/c/Users/17863/Downloads/catkin_ws_resilience/install/_local_setup_util_sh.py'
[2.714s] INFO:colcon.colcon_core.shell:Creating prefix chain script '/mnt/c/Users/17863/Downloads/catkin_ws_resilience/install/setup.sh'
[2.721s] INFO:colcon.colcon_core.shell:Creating prefix script '/mnt/c/Users/17863/Downloads/catkin_ws_resilience/install/local_setup.bash'
[2.727s] INFO:colcon.colcon_core.shell:Creating prefix chain script '/mnt/c/Users/17863/Downloads/catkin_ws_resilience/install/setup.bash'
[2.734s] INFO:colcon.colcon_core.shell:Creating prefix script '/mnt/c/Users/17863/Downloads/catkin_ws_resilience/install/local_setup.zsh'
[2.741s] INFO:colcon.colcon_core.shell:Creating prefix chain script '/mnt/c/Users/17863/Downloads/catkin_ws_resilience/install/setup.zsh'
