[0.074s] Invoking command in '/mnt/c/Users/17863/Downloads/catkin_ws_resilience/build/vehicle_controller': CMAKE_PREFIX_PATH=/opt/ros/humble /usr/bin/cmake /mnt/c/Users/17863/Downloads/catkin_ws_resilience/vehicle_controller -DCMAKE_INSTALL_PREFIX=/mnt/c/Users/17863/Downloads/catkin_ws_resilience/install/vehicle_controller
[0.438s] -- The C compiler identification is GNU 11.4.0
[0.956s] -- The CXX compiler identification is GNU 11.4.0
[1.243s] -- Detecting C compiler ABI info
[1.857s] -- Detecting C compiler ABI info - done
[1.884s] -- Check for working C compiler: /usr/bin/cc - skipped
[1.885s] -- Detecting C compile features
[1.886s] -- Detecting C compile features - done
[1.941s] -- Detecting CXX compiler ABI info
[2.563s] -- Detecting CXX compiler ABI info - done
[2.589s] -- Check for working CXX compiler: /usr/bin/c++ - skipped
[2.590s] -- Detecting CXX compile features
[2.591s] -- Detecting CXX compile features - done
[2.645s] -- Found ament_cmake: 1.3.11 (/opt/ros/humble/share/ament_cmake/cmake)
[2.772s] -- Found Python3: /usr/bin/python3 (found version "3.10.12") found components: Interpreter 
[2.949s] -- Found rclcpp: 16.0.11 (/opt/ros/humble/share/rclcpp/cmake)
[3.089s] -- Found rosidl_generator_c: 3.1.6 (/opt/ros/humble/share/rosidl_generator_c/cmake)
[3.096s] -- Found rosidl_adapter: 3.1.6 (/opt/ros/humble/share/rosidl_adapter/cmake)
[3.110s] -- Found rosidl_generator_cpp: 3.1.6 (/opt/ros/humble/share/rosidl_generator_cpp/cmake)
[3.135s] -- Using all available rosidl_typesupport_c: rosidl_typesupport_fastrtps_c;rosidl_typesupport_introspection_c
[3.161s] -- Using all available rosidl_typesupport_cpp: rosidl_typesupport_fastrtps_cpp;rosidl_typesupport_introspection_cpp
[3.224s] -- Found rmw_implementation_cmake: 6.1.2 (/opt/ros/humble/share/rmw_implementation_cmake/cmake)
[3.229s] -- Found rmw_fastrtps_cpp: 6.2.7 (/opt/ros/humble/share/rmw_fastrtps_cpp/cmake)
[3.715s] -- Found OpenSSL: /usr/lib/x86_64-linux-gnu/libcrypto.so (found version "3.0.2")  
[4.224s] -- Found FastRTPS: /opt/ros/humble/include  
[5.062s] -- Using RMW implementation 'rmw_fastrtps_cpp' as default
[5.112s] -- Looking for pthread.h
[5.690s] -- Looking for pthread.h - found
[5.701s] -- Performing Test CMAKE_HAVE_LIBC_PTHREAD
[6.258s] -- Performing Test CMAKE_HAVE_LIBC_PTHREAD - Success
[6.264s] -- Found Threads: TRUE  
[6.344s] -- Found geometry_msgs: 4.2.4 (/opt/ros/humble/share/geometry_msgs/cmake)
[7.570s] [31mCMake Error at CMakeLists.txt:13 (find_package):
[7.571s]   By not providing "Findautoware_auto_control_msgs.cmake" in
[7.572s]   CMAKE_MODULE_PATH this project has asked CMake to find a package
[7.573s]   configuration file provided by "autoware_auto_control_msgs", but CMake did
[7.574s]   not find one.
[7.574s] 
[7.575s]   Could not find a package configuration file provided by
[7.576s]   "autoware_auto_control_msgs" with any of the following names:
[7.577s] 
[7.577s]     autoware_auto_control_msgsConfig.cmake
[7.578s]     autoware_auto_control_msgs-config.cmake
[7.579s] 
[7.580s]   Add the installation prefix of "autoware_auto_control_msgs" to
[7.581s]   CMAKE_PREFIX_PATH or set "autoware_auto_control_msgs_DIR" to a directory
[7.582s]   containing one of the above files.  If "autoware_auto_control_msgs"
[7.583s]   provides a separate development package or SDK, be sure it has been
[7.584s]   installed.
[7.585s] 
[7.586s] [0m
[7.586s] -- Configuring incomplete, errors occurred!
[7.587s] See also "/mnt/c/Users/17863/Downloads/catkin_ws_resilience/build/vehicle_controller/CMakeFiles/CMakeOutput.log".
