[0.096s] Invoking command in '/mnt/c/Users/17863/Downloads/catkin_ws_resilience/build/vehicle_sender': /usr/bin/cmake /mnt/c/Users/17863/Downloads/catkin_ws_resilience/vehicle_sender -DCMAKE_INSTALL_PREFIX=/mnt/c/Users/17863/Downloads/catkin_ws_resilience/install/vehicle_sender
[0.426s] -- The C compiler identification is GNU 11.4.0
[0.944s] -- The CXX compiler identification is GNU 11.4.0
[1.234s] -- Detecting C compiler ABI info
[1.810s] -- Detecting C compiler ABI info - done
[1.837s] -- Check for working C compiler: /usr/bin/cc - skipped
[1.838s] -- Detecting C compile features
[1.839s] -- Detecting C compile features - done
[1.899s] -- Detecting CXX compiler ABI info
[2.518s] -- Detecting CXX compiler ABI info - done
[2.544s] -- Check for working CXX compiler: /usr/bin/c++ - skipped
[2.545s] -- Detecting CXX compile features
[2.546s] -- Detecting CXX compile features - done
[2.612s] -- Found ament_cmake: 1.3.11 (/opt/ros/humble/share/ament_cmake/cmake)
[2.745s] -- Found Python3: /usr/bin/python3 (found version "3.10.12") found components: Interpreter 
[2.935s] -- Found rclcpp: 16.0.11 (/opt/ros/humble/share/rclcpp/cmake)
[3.077s] -- Found rosidl_generator_c: 3.1.6 (/opt/ros/humble/share/rosidl_generator_c/cmake)
[3.083s] -- Found rosidl_adapter: 3.1.6 (/opt/ros/humble/share/rosidl_adapter/cmake)
[3.098s] -- Found rosidl_generator_cpp: 3.1.6 (/opt/ros/humble/share/rosidl_generator_cpp/cmake)
[3.123s] -- Using all available rosidl_typesupport_c: rosidl_typesupport_fastrtps_c;rosidl_typesupport_introspection_c
[3.149s] -- Using all available rosidl_typesupport_cpp: rosidl_typesupport_fastrtps_cpp;rosidl_typesupport_introspection_cpp
[3.247s] -- Found rmw_implementation_cmake: 6.1.2 (/opt/ros/humble/share/rmw_implementation_cmake/cmake)
[3.250s] -- Found rmw_fastrtps_cpp: 6.2.7 (/opt/ros/humble/share/rmw_fastrtps_cpp/cmake)
[3.701s] -- Found OpenSSL: /usr/lib/x86_64-linux-gnu/libcrypto.so (found version "3.0.2")  
[4.210s] -- Found FastRTPS: /opt/ros/humble/include  
[5.050s] -- Using RMW implementation 'rmw_fastrtps_cpp' as default
[5.098s] -- Looking for pthread.h
[5.676s] -- Looking for pthread.h - found
[5.687s] -- Performing Test CMAKE_HAVE_LIBC_PTHREAD
[6.246s] -- Performing Test CMAKE_HAVE_LIBC_PTHREAD - Success
[6.252s] -- Found Threads: TRUE  
[6.332s] -- Found geometry_msgs: 4.2.4 (/opt/ros/humble/share/geometry_msgs/cmake)
[6.349s] -- Found ament_lint_auto: 0.12.11 (/opt/ros/humble/share/ament_lint_auto/cmake)
[6.456s] Error parsing '/mnt/c/Users/17863/Downloads/catkin_ws_resilience/vehicle_sender/package.xml':
[6.505s] Traceback (most recent call last):
[6.506s]   File "/opt/ros/humble/share/ament_cmake_core/cmake/core/package_xml_2_cmake.py", line 150, in <module>
[6.507s]     main()
[6.508s]   File "/opt/ros/humble/share/ament_cmake_core/cmake/core/package_xml_2_cmake.py", line 53, in main
[6.509s]     raise e
[6.510s]   File "/opt/ros/humble/share/ament_cmake_core/cmake/core/package_xml_2_cmake.py", line 49, in main
[6.510s]     package = parse_package_string(
[6.511s]   File "/usr/lib/python3/dist-packages/catkin_pkg/package.py", line 786, in parse_package_string
[6.512s]     raise InvalidPackage('Error(s):%s' % (''.join(['\n- %s' % e for e in errors])), filename)
[6.513s] catkin_pkg.package.InvalidPackage: Error(s) in package '/mnt/c/Users/17863/Downloads/catkin_ws_resilience/vehicle_sender/package.xml':
[6.513s] Error(s):
[6.515s] - The generic dependency on 'rclcpp' is redundant with: build_depend, exec_depend
[6.515s] - The generic dependency on 'geometry_msgs' is redundant with: build_depend, exec_depend
[6.522s] [31mCMake Error at /opt/ros/humble/share/ament_cmake_core/cmake/core/ament_package_xml.cmake:95 (message):
[6.522s]   execute_process(/usr/bin/python3
[6.524s]   /opt/ros/humble/share/ament_cmake_core/cmake/core/package_xml_2_cmake.py
[6.525s]   /mnt/c/Users/17863/Downloads/catkin_ws_resilience/vehicle_sender/package.xml
[6.525s]   /mnt/c/Users/17863/Downloads/catkin_ws_resilience/build/vehicle_sender/ament_cmake_core/package.cmake)
[6.526s]   returned error code 1
[6.527s] Call Stack (most recent call first):
[6.528s]   /opt/ros/humble/share/ament_cmake_core/cmake/core/ament_package_xml.cmake:49 (_ament_package_xml)
[6.529s]   /opt/ros/humble/share/ament_lint_auto/cmake/ament_lint_auto_find_test_dependencies.cmake:31 (ament_package_xml)
[6.530s]   CMakeLists.txt:22 (ament_lint_auto_find_test_dependencies)
[6.531s] 
[6.532s] [0m
[6.533s] -- Configuring incomplete, errors occurred!
[6.534s] See also "/mnt/c/Users/17863/Downloads/catkin_ws_resilience/build/vehicle_sender/CMakeFiles/CMakeOutput.log".
[6.547s] Invoked command in '/mnt/c/Users/17863/Downloads/catkin_ws_resilience/build/vehicle_sender' returned '1': /usr/bin/cmake /mnt/c/Users/17863/Downloads/catkin_ws_resilience/vehicle_sender -DCMAKE_INSTALL_PREFIX=/mnt/c/Users/17863/Downloads/catkin_ws_resilience/install/vehicle_sender
