[0.194s] DEBUG:colcon:Command line arguments: ['/usr/bin/colcon', 'build']
[0.195s] DEBUG:colcon:Parsed command line arguments: Namespace(log_base=None, log_level=None, verb_name='build', build_base='build', install_base='install', merge_install=False, symlink_install=False, test_result_base=None, continue_on_error=False, executor='parallel', parallel_workers=64, event_handlers=None, ignore_user_meta=False, metas=['./colcon.meta'], base_paths=['.'], packages_ignore=None, packages_ignore_regex=None, paths=None, packages_up_to=None, packages_up_to_regex=None, packages_above=None, packages_above_and_dependencies=None, packages_above_depth=None, packages_select_by_dep=None, packages_skip_by_dep=None, packages_skip_up_to=None, packages_select_build_failed=False, packages_skip_build_finished=False, packages_select_test_failures=False, packages_skip_test_passed=False, packages_select=None, packages_skip=None, packages_select_regex=None, packages_skip_regex=None, packages_start=None, packages_end=None, allow_overriding=[], cmake_args=None, cmake_target=None, cmake_target_skip_unavailable=False, cmake_clean_cache=False, cmake_clean_first=False, cmake_force_configure=False, ament_cmake_args=None, catkin_cmake_args=None, catkin_skip_building_tests=False, verb_parser=<colcon_defaults.argument_parser.defaults.DefaultArgumentsDecorator object at 0x7f2c662431f0>, verb_extension=<colcon_core.verb.build.BuildVerb object at 0x7f2c663fc6a0>, main=<bound method BuildVerb.main of <colcon_core.verb.build.BuildVerb object at 0x7f2c663fc6a0>>)
[0.329s] Level 1:colcon.colcon_core.package_discovery:discover_packages(colcon_meta) check parameters
[0.329s] Level 1:colcon.colcon_core.package_discovery:discover_packages(recursive) check parameters
[0.329s] Level 1:colcon.colcon_core.package_discovery:discover_packages(ignore) check parameters
[0.330s] Level 1:colcon.colcon_core.package_discovery:discover_packages(path) check parameters
[0.330s] Level 1:colcon.colcon_core.package_discovery:discover_packages(colcon_meta) discover
[0.330s] Level 1:colcon.colcon_core.package_discovery:discover_packages(recursive) discover
[0.330s] INFO:colcon.colcon_core.package_discovery:Crawling recursively for packages in '/mnt/c/Users/17863/Downloads/catkin_ws_resilience'
[0.332s] Level 1:colcon.colcon_core.package_identification:_identify(.) by extensions ['ignore', 'ignore_ament_install']
[0.332s] Level 1:colcon.colcon_core.package_identification:_identify(.) by extension 'ignore'
[0.333s] Level 1:colcon.colcon_core.package_identification:_identify(.) by extension 'ignore_ament_install'
[0.333s] Level 1:colcon.colcon_core.package_identification:_identify(.) by extensions ['colcon_pkg']
[0.333s] Level 1:colcon.colcon_core.package_identification:_identify(.) by extension 'colcon_pkg'
[0.334s] Level 1:colcon.colcon_core.package_identification:_identify(.) by extensions ['colcon_meta']
[0.334s] Level 1:colcon.colcon_core.package_identification:_identify(.) by extension 'colcon_meta'
[0.334s] Level 1:colcon.colcon_core.package_identification:_identify(.) by extensions ['ros']
[0.334s] Level 1:colcon.colcon_core.package_identification:_identify(.) by extension 'ros'
[0.345s] Level 1:colcon.colcon_core.package_identification:_identify(.) by extensions ['cmake', 'python']
[0.345s] Level 1:colcon.colcon_core.package_identification:_identify(.) by extension 'cmake'
[0.345s] Level 1:colcon.colcon_core.package_identification:_identify(.) by extension 'python'
[0.346s] Level 1:colcon.colcon_core.package_identification:_identify(.) by extensions ['python_setup_py']
[0.346s] Level 1:colcon.colcon_core.package_identification:_identify(.) by extension 'python_setup_py'
[0.349s] Level 1:colcon.colcon_core.package_identification:_identify(build) by extensions ['ignore', 'ignore_ament_install']
[0.349s] Level 1:colcon.colcon_core.package_identification:_identify(build) by extension 'ignore'
[0.350s] Level 1:colcon.colcon_core.package_identification:_identify(build) ignored
[0.359s] Level 1:colcon.colcon_core.package_identification:_identify(install) by extensions ['ignore', 'ignore_ament_install']
[0.360s] Level 1:colcon.colcon_core.package_identification:_identify(install) by extension 'ignore'
[0.361s] Level 1:colcon.colcon_core.package_identification:_identify(install) ignored
[0.365s] Level 1:colcon.colcon_core.package_identification:_identify(log) by extensions ['ignore', 'ignore_ament_install']
[0.366s] Level 1:colcon.colcon_core.package_identification:_identify(log) by extension 'ignore'
[0.366s] Level 1:colcon.colcon_core.package_identification:_identify(log) ignored
[0.369s] Level 1:colcon.colcon_core.package_identification:_identify(vehicle_controller) by extensions ['ignore', 'ignore_ament_install']
[0.369s] Level 1:colcon.colcon_core.package_identification:_identify(vehicle_controller) by extension 'ignore'
[0.370s] Level 1:colcon.colcon_core.package_identification:_identify(vehicle_controller) by extension 'ignore_ament_install'
[0.371s] Level 1:colcon.colcon_core.package_identification:_identify(vehicle_controller) by extensions ['colcon_pkg']
[0.371s] Level 1:colcon.colcon_core.package_identification:_identify(vehicle_controller) by extension 'colcon_pkg'
[0.372s] Level 1:colcon.colcon_core.package_identification:_identify(vehicle_controller) by extensions ['colcon_meta']
[0.372s] Level 1:colcon.colcon_core.package_identification:_identify(vehicle_controller) by extension 'colcon_meta'
[0.373s] Level 1:colcon.colcon_core.package_identification:_identify(vehicle_controller) by extensions ['ros']
[0.373s] Level 1:colcon.colcon_core.package_identification:_identify(vehicle_controller) by extension 'ros'
[0.384s] DEBUG:colcon.colcon_core.package_identification:Package 'vehicle_controller' with type 'ros.ament_cmake' and name 'vehicle_controller'
[0.387s] Level 1:colcon.colcon_core.package_identification:_identify(vehicle_sender) by extensions ['ignore', 'ignore_ament_install']
[0.387s] Level 1:colcon.colcon_core.package_identification:_identify(vehicle_sender) by extension 'ignore'
[0.388s] Level 1:colcon.colcon_core.package_identification:_identify(vehicle_sender) by extension 'ignore_ament_install'
[0.389s] Level 1:colcon.colcon_core.package_identification:_identify(vehicle_sender) by extensions ['colcon_pkg']
[0.390s] Level 1:colcon.colcon_core.package_identification:_identify(vehicle_sender) by extension 'colcon_pkg'
[0.390s] Level 1:colcon.colcon_core.package_identification:_identify(vehicle_sender) by extensions ['colcon_meta']
[0.391s] Level 1:colcon.colcon_core.package_identification:_identify(vehicle_sender) by extension 'colcon_meta'
[0.392s] Level 1:colcon.colcon_core.package_identification:_identify(vehicle_sender) by extensions ['ros']
[0.392s] Level 1:colcon.colcon_core.package_identification:_identify(vehicle_sender) by extension 'ros'
[0.401s] DEBUG:colcon.colcon_core.package_identification:Package 'vehicle_sender' with type 'ros.ament_cmake' and name 'vehicle_sender'
[0.401s] Level 1:colcon.colcon_core.package_discovery:discover_packages(recursive) using defaults
[0.401s] Level 1:colcon.colcon_core.package_discovery:discover_packages(ignore) discover
[0.401s] Level 1:colcon.colcon_core.package_discovery:discover_packages(ignore) using defaults
[0.401s] Level 1:colcon.colcon_core.package_discovery:discover_packages(path) discover
[0.402s] Level 1:colcon.colcon_core.package_discovery:discover_packages(path) using defaults
[0.420s] Level 1:colcon.colcon_core.package_discovery:discover_packages(prefix_path) check parameters
[0.420s] Level 1:colcon.colcon_core.package_discovery:discover_packages(prefix_path) discover
[0.423s] DEBUG:colcon.colcon_installed_package_information.package_discovery:Found 273 installed packages in /opt/ros/humble
[0.435s] Level 1:colcon.colcon_core.package_discovery:discover_packages(prefix_path) using defaults
[0.466s] Level 5:colcon.colcon_core.verb:set package 'vehicle_controller' build argument 'cmake_args' from command line to 'None'
[0.466s] Level 5:colcon.colcon_core.verb:set package 'vehicle_controller' build argument 'cmake_target' from command line to 'None'
[0.466s] Level 5:colcon.colcon_core.verb:set package 'vehicle_controller' build argument 'cmake_target_skip_unavailable' from command line to 'False'
[0.467s] Level 5:colcon.colcon_core.verb:set package 'vehicle_controller' build argument 'cmake_clean_cache' from command line to 'False'
[0.467s] Level 5:colcon.colcon_core.verb:set package 'vehicle_controller' build argument 'cmake_clean_first' from command line to 'False'
[0.467s] Level 5:colcon.colcon_core.verb:set package 'vehicle_controller' build argument 'cmake_force_configure' from command line to 'False'
[0.467s] Level 5:colcon.colcon_core.verb:set package 'vehicle_controller' build argument 'ament_cmake_args' from command line to 'None'
[0.467s] Level 5:colcon.colcon_core.verb:set package 'vehicle_controller' build argument 'catkin_cmake_args' from command line to 'None'
[0.467s] Level 5:colcon.colcon_core.verb:set package 'vehicle_controller' build argument 'catkin_skip_building_tests' from command line to 'False'
[0.468s] DEBUG:colcon.colcon_core.verb:Building package 'vehicle_controller' with the following arguments: {'ament_cmake_args': None, 'build_base': '/mnt/c/Users/17863/Downloads/catkin_ws_resilience/build/vehicle_controller', 'catkin_cmake_args': None, 'catkin_skip_building_tests': False, 'cmake_args': None, 'cmake_clean_cache': False, 'cmake_clean_first': False, 'cmake_force_configure': False, 'cmake_target': None, 'cmake_target_skip_unavailable': False, 'install_base': '/mnt/c/Users/17863/Downloads/catkin_ws_resilience/install/vehicle_controller', 'merge_install': False, 'path': '/mnt/c/Users/17863/Downloads/catkin_ws_resilience/vehicle_controller', 'symlink_install': False, 'test_result_base': None}
[0.468s] Level 5:colcon.colcon_core.verb:set package 'vehicle_sender' build argument 'cmake_args' from command line to 'None'
[0.468s] Level 5:colcon.colcon_core.verb:set package 'vehicle_sender' build argument 'cmake_target' from command line to 'None'
[0.468s] Level 5:colcon.colcon_core.verb:set package 'vehicle_sender' build argument 'cmake_target_skip_unavailable' from command line to 'False'
[0.469s] Level 5:colcon.colcon_core.verb:set package 'vehicle_sender' build argument 'cmake_clean_cache' from command line to 'False'
[0.469s] Level 5:colcon.colcon_core.verb:set package 'vehicle_sender' build argument 'cmake_clean_first' from command line to 'False'
[0.469s] Level 5:colcon.colcon_core.verb:set package 'vehicle_sender' build argument 'cmake_force_configure' from command line to 'False'
[0.469s] Level 5:colcon.colcon_core.verb:set package 'vehicle_sender' build argument 'ament_cmake_args' from command line to 'None'
[0.469s] Level 5:colcon.colcon_core.verb:set package 'vehicle_sender' build argument 'catkin_cmake_args' from command line to 'None'
[0.469s] Level 5:colcon.colcon_core.verb:set package 'vehicle_sender' build argument 'catkin_skip_building_tests' from command line to 'False'
[0.470s] DEBUG:colcon.colcon_core.verb:Building package 'vehicle_sender' with the following arguments: {'ament_cmake_args': None, 'build_base': '/mnt/c/Users/17863/Downloads/catkin_ws_resilience/build/vehicle_sender', 'catkin_cmake_args': None, 'catkin_skip_building_tests': False, 'cmake_args': None, 'cmake_clean_cache': False, 'cmake_clean_first': False, 'cmake_force_configure': False, 'cmake_target': None, 'cmake_target_skip_unavailable': False, 'install_base': '/mnt/c/Users/17863/Downloads/catkin_ws_resilience/install/vehicle_sender', 'merge_install': False, 'path': '/mnt/c/Users/17863/Downloads/catkin_ws_resilience/vehicle_sender', 'symlink_install': False, 'test_result_base': None}
[0.470s] INFO:colcon.colcon_core.executor:Executing jobs using 'parallel' executor
[0.471s] DEBUG:colcon.colcon_parallel_executor.executor.parallel:run_until_complete
[0.471s] INFO:colcon.colcon_ros.task.ament_cmake.build:Building ROS package in '/mnt/c/Users/17863/Downloads/catkin_ws_resilience/vehicle_controller' with build type 'ament_cmake'
[0.472s] INFO:colcon.colcon_cmake.task.cmake.build:Building CMake package in '/mnt/c/Users/17863/Downloads/catkin_ws_resilience/vehicle_controller'
[0.474s] INFO:colcon.colcon_core.plugin_system:Skipping extension 'colcon_core.shell.bat': Not used on non-Windows systems
[0.475s] INFO:colcon.colcon_core.shell:Skip shell extension 'powershell' for command environment: Not usable outside of PowerShell
[0.475s] DEBUG:colcon.colcon_core.shell:Skip shell extension 'dsv' for command environment
[0.486s] INFO:colcon.colcon_ros.task.ament_cmake.build:Building ROS package in '/mnt/c/Users/17863/Downloads/catkin_ws_resilience/vehicle_sender' with build type 'ament_cmake'
[0.486s] INFO:colcon.colcon_cmake.task.cmake.build:Building CMake package in '/mnt/c/Users/17863/Downloads/catkin_ws_resilience/vehicle_sender'
[0.487s] INFO:colcon.colcon_core.shell:Skip shell extension 'powershell' for command environment: Not usable outside of PowerShell
[0.487s] DEBUG:colcon.colcon_core.shell:Skip shell extension 'dsv' for command environment
[0.543s] DEBUG:colcon.colcon_core.event_handler.log_command:Invoking command in '/mnt/c/Users/17863/Downloads/catkin_ws_resilience/build/vehicle_controller': CMAKE_PREFIX_PATH=/opt/ros/humble /usr/bin/cmake /mnt/c/Users/17863/Downloads/catkin_ws_resilience/vehicle_controller -DCMAKE_INSTALL_PREFIX=/mnt/c/Users/17863/Downloads/catkin_ws_resilience/install/vehicle_controller
[0.576s] DEBUG:colcon.colcon_core.event_handler.log_command:Invoking command in '/mnt/c/Users/17863/Downloads/catkin_ws_resilience/build/vehicle_sender': CMAKE_PREFIX_PATH=/opt/ros/humble /usr/bin/cmake /mnt/c/Users/17863/Downloads/catkin_ws_resilience/vehicle_sender -DCMAKE_INSTALL_PREFIX=/mnt/c/Users/17863/Downloads/catkin_ws_resilience/install/vehicle_sender
[4.207s] DEBUG:colcon.colcon_core.event_handler.log_command:Invoked command in '/mnt/c/Users/17863/Downloads/catkin_ws_resilience/build/vehicle_controller' returned '1': CMAKE_PREFIX_PATH=/opt/ros/humble /usr/bin/cmake /mnt/c/Users/17863/Downloads/catkin_ws_resilience/vehicle_controller -DCMAKE_INSTALL_PREFIX=/mnt/c/Users/17863/Downloads/catkin_ws_resilience/install/vehicle_controller
[4.236s] Level 1:colcon.colcon_core.environment:create_environment_scripts_only(vehicle_controller)
[4.238s] Level 1:colcon.colcon_core.environment:checking '/mnt/c/Users/17863/Downloads/catkin_ws_resilience/install/vehicle_controller' for CMake module files
[4.253s] Level 1:colcon.colcon_core.environment:checking '/mnt/c/Users/17863/Downloads/catkin_ws_resilience/install/vehicle_controller' for CMake config files
[4.256s] Level 1:colcon.colcon_core.environment:checking '/mnt/c/Users/17863/Downloads/catkin_ws_resilience/install/vehicle_controller/bin'
[4.257s] Level 1:colcon.colcon_core.environment:checking '/mnt/c/Users/17863/Downloads/catkin_ws_resilience/install/vehicle_controller/lib/pkgconfig/vehicle_controller.pc'
[4.258s] Level 1:colcon.colcon_core.environment:checking '/mnt/c/Users/17863/Downloads/catkin_ws_resilience/install/vehicle_controller/lib/python3.10/site-packages'
[4.259s] Level 1:colcon.colcon_core.environment:checking '/mnt/c/Users/17863/Downloads/catkin_ws_resilience/install/vehicle_controller/bin'
[4.260s] INFO:colcon.colcon_core.shell:Creating package script '/mnt/c/Users/17863/Downloads/catkin_ws_resilience/install/vehicle_controller/share/vehicle_controller/package.ps1'
[4.277s] INFO:colcon.colcon_core.shell:Creating package descriptor '/mnt/c/Users/17863/Downloads/catkin_ws_resilience/install/vehicle_controller/share/vehicle_controller/package.dsv'
[4.290s] INFO:colcon.colcon_core.shell:Creating package script '/mnt/c/Users/17863/Downloads/catkin_ws_resilience/install/vehicle_controller/share/vehicle_controller/package.sh'
[4.305s] INFO:colcon.colcon_core.shell:Creating package script '/mnt/c/Users/17863/Downloads/catkin_ws_resilience/install/vehicle_controller/share/vehicle_controller/package.bash'
[4.320s] INFO:colcon.colcon_core.shell:Creating package script '/mnt/c/Users/17863/Downloads/catkin_ws_resilience/install/vehicle_controller/share/vehicle_controller/package.zsh'
[4.335s] Level 1:colcon.colcon_core.environment:create_file_with_runtime_dependencies(/mnt/c/Users/17863/Downloads/catkin_ws_resilience/install/vehicle_controller/share/colcon-core/packages/vehicle_controller)
[4.424s] DEBUG:colcon.colcon_parallel_executor.executor.parallel:closing loop
[4.425s] DEBUG:colcon.colcon_parallel_executor.executor.parallel:loop closed
[4.426s] DEBUG:colcon.colcon_parallel_executor.executor.parallel:run_until_complete finished with '1'
[4.426s] DEBUG:colcon.colcon_core.event_reactor:joining thread
[4.472s] INFO:colcon.colcon_core.plugin_system:Skipping extension 'colcon_notification.desktop_notification.notify_send': Could not find 'notify-send'
[4.473s] INFO:colcon.colcon_core.plugin_system:Skipping extension 'colcon_notification.desktop_notification.terminal_notifier': Not used on non-Darwin systems
[4.473s] INFO:colcon.colcon_core.plugin_system:Skipping extension 'colcon_notification.desktop_notification.win32': Not used on non-Windows systems
[4.473s] INFO:colcon.colcon_notification.desktop_notification:Sending desktop notification using 'notify2'
[4.473s] DEBUG:colcon.colcon_notification.desktop_notification.notify2:Failed to initialize notify2: org.freedesktop.DBus.Error.FileNotFound: Failed to connect to socket /run/user/1000/bus: No such file or directory
[4.474s] DEBUG:colcon.colcon_core.event_reactor:joined thread
[4.474s] INFO:colcon.colcon_core.shell:Creating prefix script '/mnt/c/Users/17863/Downloads/catkin_ws_resilience/install/local_setup.ps1'
[4.480s] INFO:colcon.colcon_core.shell:Creating prefix util module '/mnt/c/Users/17863/Downloads/catkin_ws_resilience/install/_local_setup_util_ps1.py'
[4.488s] INFO:colcon.colcon_core.shell:Creating prefix chain script '/mnt/c/Users/17863/Downloads/catkin_ws_resilience/install/setup.ps1'
[4.495s] INFO:colcon.colcon_core.shell:Creating prefix script '/mnt/c/Users/17863/Downloads/catkin_ws_resilience/install/local_setup.sh'
[4.501s] INFO:colcon.colcon_core.shell:Creating prefix util module '/mnt/c/Users/17863/Downloads/catkin_ws_resilience/install/_local_setup_util_sh.py'
[4.509s] INFO:colcon.colcon_core.shell:Creating prefix chain script '/mnt/c/Users/17863/Downloads/catkin_ws_resilience/install/setup.sh'
[4.517s] INFO:colcon.colcon_core.shell:Creating prefix script '/mnt/c/Users/17863/Downloads/catkin_ws_resilience/install/local_setup.bash'
[4.523s] INFO:colcon.colcon_core.shell:Creating prefix chain script '/mnt/c/Users/17863/Downloads/catkin_ws_resilience/install/setup.bash'
[4.530s] INFO:colcon.colcon_core.shell:Creating prefix script '/mnt/c/Users/17863/Downloads/catkin_ws_resilience/install/local_setup.zsh'
[4.536s] INFO:colcon.colcon_core.shell:Creating prefix chain script '/mnt/c/Users/17863/Downloads/catkin_ws_resilience/install/setup.zsh'
