[0.189s] DEBUG:colcon:Command line arguments: ['/usr/bin/colcon', 'build']
[0.190s] DEBUG:colcon:Parsed command line arguments: Namespace(log_base=None, log_level=None, verb_name='build', build_base='build', install_base='install', merge_install=False, symlink_install=False, test_result_base=None, continue_on_error=False, executor='parallel', parallel_workers=64, event_handlers=None, ignore_user_meta=False, metas=['./colcon.meta'], base_paths=['.'], packages_ignore=None, packages_ignore_regex=None, paths=None, packages_up_to=None, packages_up_to_regex=None, packages_above=None, packages_above_and_dependencies=None, packages_above_depth=None, packages_select_by_dep=None, packages_skip_by_dep=None, packages_skip_up_to=None, packages_select_build_failed=False, packages_skip_build_finished=False, packages_select_test_failures=False, packages_skip_test_passed=False, packages_select=None, packages_skip=None, packages_select_regex=None, packages_skip_regex=None, packages_start=None, packages_end=None, allow_overriding=[], cmake_args=None, cmake_target=None, cmake_target_skip_unavailable=False, cmake_clean_cache=False, cmake_clean_first=False, cmake_force_configure=False, ament_cmake_args=None, catkin_cmake_args=None, catkin_skip_building_tests=False, verb_parser=<colcon_defaults.argument_parser.defaults.DefaultArgumentsDecorator object at 0x7fab763531f0>, verb_extension=<colcon_core.verb.build.BuildVerb object at 0x7fab7650c6a0>, main=<bound method BuildVerb.main of <colcon_core.verb.build.BuildVerb object at 0x7fab7650c6a0>>)
[0.324s] Level 1:colcon.colcon_core.package_discovery:discover_packages(colcon_meta) check parameters
[0.324s] Level 1:colcon.colcon_core.package_discovery:discover_packages(recursive) check parameters
[0.324s] Level 1:colcon.colcon_core.package_discovery:discover_packages(ignore) check parameters
[0.325s] Level 1:colcon.colcon_core.package_discovery:discover_packages(path) check parameters
[0.325s] Level 1:colcon.colcon_core.package_discovery:discover_packages(colcon_meta) discover
[0.325s] Level 1:colcon.colcon_core.package_discovery:discover_packages(recursive) discover
[0.325s] INFO:colcon.colcon_core.package_discovery:Crawling recursively for packages in '/mnt/c/Users/17863/Downloads/catkin_ws_resilience'
[0.327s] Level 1:colcon.colcon_core.package_identification:_identify(.) by extensions ['ignore', 'ignore_ament_install']
[0.327s] Level 1:colcon.colcon_core.package_identification:_identify(.) by extension 'ignore'
[0.327s] Level 1:colcon.colcon_core.package_identification:_identify(.) by extension 'ignore_ament_install'
[0.328s] Level 1:colcon.colcon_core.package_identification:_identify(.) by extensions ['colcon_pkg']
[0.328s] Level 1:colcon.colcon_core.package_identification:_identify(.) by extension 'colcon_pkg'
[0.328s] Level 1:colcon.colcon_core.package_identification:_identify(.) by extensions ['colcon_meta']
[0.328s] Level 1:colcon.colcon_core.package_identification:_identify(.) by extension 'colcon_meta'
[0.329s] Level 1:colcon.colcon_core.package_identification:_identify(.) by extensions ['ros']
[0.329s] Level 1:colcon.colcon_core.package_identification:_identify(.) by extension 'ros'
[0.339s] Level 1:colcon.colcon_core.package_identification:_identify(.) by extensions ['cmake', 'python']
[0.339s] Level 1:colcon.colcon_core.package_identification:_identify(.) by extension 'cmake'
[0.340s] Level 1:colcon.colcon_core.package_identification:_identify(.) by extension 'python'
[0.340s] Level 1:colcon.colcon_core.package_identification:_identify(.) by extensions ['python_setup_py']
[0.340s] Level 1:colcon.colcon_core.package_identification:_identify(.) by extension 'python_setup_py'
[0.343s] Level 1:colcon.colcon_core.package_identification:_identify(build) by extensions ['ignore', 'ignore_ament_install']
[0.343s] Level 1:colcon.colcon_core.package_identification:_identify(build) by extension 'ignore'
[0.344s] Level 1:colcon.colcon_core.package_identification:_identify(build) ignored
[0.347s] Level 1:colcon.colcon_core.package_identification:_identify(install) by extensions ['ignore', 'ignore_ament_install']
[0.347s] Level 1:colcon.colcon_core.package_identification:_identify(install) by extension 'ignore'
[0.349s] Level 1:colcon.colcon_core.package_identification:_identify(install) ignored
[0.353s] Level 1:colcon.colcon_core.package_identification:_identify(log) by extensions ['ignore', 'ignore_ament_install']
[0.353s] Level 1:colcon.colcon_core.package_identification:_identify(log) by extension 'ignore'
[0.354s] Level 1:colcon.colcon_core.package_identification:_identify(log) ignored
[0.357s] Level 1:colcon.colcon_core.package_identification:_identify(vehicle_controller) by extensions ['ignore', 'ignore_ament_install']
[0.357s] Level 1:colcon.colcon_core.package_identification:_identify(vehicle_controller) by extension 'ignore'
[0.358s] Level 1:colcon.colcon_core.package_identification:_identify(vehicle_controller) by extension 'ignore_ament_install'
[0.359s] Level 1:colcon.colcon_core.package_identification:_identify(vehicle_controller) by extensions ['colcon_pkg']
[0.359s] Level 1:colcon.colcon_core.package_identification:_identify(vehicle_controller) by extension 'colcon_pkg'
[0.360s] Level 1:colcon.colcon_core.package_identification:_identify(vehicle_controller) by extensions ['colcon_meta']
[0.360s] Level 1:colcon.colcon_core.package_identification:_identify(vehicle_controller) by extension 'colcon_meta'
[0.361s] Level 1:colcon.colcon_core.package_identification:_identify(vehicle_controller) by extensions ['ros']
[0.361s] Level 1:colcon.colcon_core.package_identification:_identify(vehicle_controller) by extension 'ros'
[0.372s] DEBUG:colcon.colcon_core.package_identification:Package 'vehicle_controller' with type 'ros.ament_cmake' and name 'vehicle_controller'
[0.375s] Level 1:colcon.colcon_core.package_identification:_identify(vehicle_sender) by extensions ['ignore', 'ignore_ament_install']
[0.375s] Level 1:colcon.colcon_core.package_identification:_identify(vehicle_sender) by extension 'ignore'
[0.376s] Level 1:colcon.colcon_core.package_identification:_identify(vehicle_sender) by extension 'ignore_ament_install'
[0.378s] Level 1:colcon.colcon_core.package_identification:_identify(vehicle_sender) by extensions ['colcon_pkg']
[0.378s] Level 1:colcon.colcon_core.package_identification:_identify(vehicle_sender) by extension 'colcon_pkg'
[0.379s] Level 1:colcon.colcon_core.package_identification:_identify(vehicle_sender) by extensions ['colcon_meta']
[0.379s] Level 1:colcon.colcon_core.package_identification:_identify(vehicle_sender) by extension 'colcon_meta'
[0.380s] Level 1:colcon.colcon_core.package_identification:_identify(vehicle_sender) by extensions ['ros']
[0.380s] Level 1:colcon.colcon_core.package_identification:_identify(vehicle_sender) by extension 'ros'
[0.390s] DEBUG:colcon.colcon_core.package_identification:Package 'vehicle_sender' with type 'ros.ament_cmake' and name 'vehicle_sender'
[0.390s] Level 1:colcon.colcon_core.package_discovery:discover_packages(recursive) using defaults
[0.391s] Level 1:colcon.colcon_core.package_discovery:discover_packages(ignore) discover
[0.391s] Level 1:colcon.colcon_core.package_discovery:discover_packages(ignore) using defaults
[0.391s] Level 1:colcon.colcon_core.package_discovery:discover_packages(path) discover
[0.391s] Level 1:colcon.colcon_core.package_discovery:discover_packages(path) using defaults
[0.411s] Level 1:colcon.colcon_core.package_discovery:discover_packages(prefix_path) check parameters
[0.411s] Level 1:colcon.colcon_core.package_discovery:discover_packages(prefix_path) discover
[0.413s] DEBUG:colcon.colcon_installed_package_information.package_discovery:Found 273 installed packages in /opt/ros/humble
[0.425s] Level 1:colcon.colcon_core.package_discovery:discover_packages(prefix_path) using defaults
[0.457s] Level 5:colcon.colcon_core.verb:set package 'vehicle_controller' build argument 'cmake_args' from command line to 'None'
[0.458s] Level 5:colcon.colcon_core.verb:set package 'vehicle_controller' build argument 'cmake_target' from command line to 'None'
[0.458s] Level 5:colcon.colcon_core.verb:set package 'vehicle_controller' build argument 'cmake_target_skip_unavailable' from command line to 'False'
[0.458s] Level 5:colcon.colcon_core.verb:set package 'vehicle_controller' build argument 'cmake_clean_cache' from command line to 'False'
[0.458s] Level 5:colcon.colcon_core.verb:set package 'vehicle_controller' build argument 'cmake_clean_first' from command line to 'False'
[0.458s] Level 5:colcon.colcon_core.verb:set package 'vehicle_controller' build argument 'cmake_force_configure' from command line to 'False'
[0.459s] Level 5:colcon.colcon_core.verb:set package 'vehicle_controller' build argument 'ament_cmake_args' from command line to 'None'
[0.459s] Level 5:colcon.colcon_core.verb:set package 'vehicle_controller' build argument 'catkin_cmake_args' from command line to 'None'
[0.459s] Level 5:colcon.colcon_core.verb:set package 'vehicle_controller' build argument 'catkin_skip_building_tests' from command line to 'False'
[0.459s] DEBUG:colcon.colcon_core.verb:Building package 'vehicle_controller' with the following arguments: {'ament_cmake_args': None, 'build_base': '/mnt/c/Users/17863/Downloads/catkin_ws_resilience/build/vehicle_controller', 'catkin_cmake_args': None, 'catkin_skip_building_tests': False, 'cmake_args': None, 'cmake_clean_cache': False, 'cmake_clean_first': False, 'cmake_force_configure': False, 'cmake_target': None, 'cmake_target_skip_unavailable': False, 'install_base': '/mnt/c/Users/17863/Downloads/catkin_ws_resilience/install/vehicle_controller', 'merge_install': False, 'path': '/mnt/c/Users/17863/Downloads/catkin_ws_resilience/vehicle_controller', 'symlink_install': False, 'test_result_base': None}
[0.460s] Level 5:colcon.colcon_core.verb:set package 'vehicle_sender' build argument 'cmake_args' from command line to 'None'
[0.460s] Level 5:colcon.colcon_core.verb:set package 'vehicle_sender' build argument 'cmake_target' from command line to 'None'
[0.460s] Level 5:colcon.colcon_core.verb:set package 'vehicle_sender' build argument 'cmake_target_skip_unavailable' from command line to 'False'
[0.460s] Level 5:colcon.colcon_core.verb:set package 'vehicle_sender' build argument 'cmake_clean_cache' from command line to 'False'
[0.460s] Level 5:colcon.colcon_core.verb:set package 'vehicle_sender' build argument 'cmake_clean_first' from command line to 'False'
[0.461s] Level 5:colcon.colcon_core.verb:set package 'vehicle_sender' build argument 'cmake_force_configure' from command line to 'False'
[0.461s] Level 5:colcon.colcon_core.verb:set package 'vehicle_sender' build argument 'ament_cmake_args' from command line to 'None'
[0.461s] Level 5:colcon.colcon_core.verb:set package 'vehicle_sender' build argument 'catkin_cmake_args' from command line to 'None'
[0.461s] Level 5:colcon.colcon_core.verb:set package 'vehicle_sender' build argument 'catkin_skip_building_tests' from command line to 'False'
[0.461s] DEBUG:colcon.colcon_core.verb:Building package 'vehicle_sender' with the following arguments: {'ament_cmake_args': None, 'build_base': '/mnt/c/Users/17863/Downloads/catkin_ws_resilience/build/vehicle_sender', 'catkin_cmake_args': None, 'catkin_skip_building_tests': False, 'cmake_args': None, 'cmake_clean_cache': False, 'cmake_clean_first': False, 'cmake_force_configure': False, 'cmake_target': None, 'cmake_target_skip_unavailable': False, 'install_base': '/mnt/c/Users/17863/Downloads/catkin_ws_resilience/install/vehicle_sender', 'merge_install': False, 'path': '/mnt/c/Users/17863/Downloads/catkin_ws_resilience/vehicle_sender', 'symlink_install': False, 'test_result_base': None}
[0.462s] INFO:colcon.colcon_core.executor:Executing jobs using 'parallel' executor
[0.463s] DEBUG:colcon.colcon_parallel_executor.executor.parallel:run_until_complete
[0.463s] INFO:colcon.colcon_ros.task.ament_cmake.build:Building ROS package in '/mnt/c/Users/17863/Downloads/catkin_ws_resilience/vehicle_controller' with build type 'ament_cmake'
[0.464s] INFO:colcon.colcon_cmake.task.cmake.build:Building CMake package in '/mnt/c/Users/17863/Downloads/catkin_ws_resilience/vehicle_controller'
[0.466s] INFO:colcon.colcon_core.plugin_system:Skipping extension 'colcon_core.shell.bat': Not used on non-Windows systems
[0.467s] INFO:colcon.colcon_core.shell:Skip shell extension 'powershell' for command environment: Not usable outside of PowerShell
[0.467s] DEBUG:colcon.colcon_core.shell:Skip shell extension 'dsv' for command environment
[0.481s] INFO:colcon.colcon_ros.task.ament_cmake.build:Building ROS package in '/mnt/c/Users/17863/Downloads/catkin_ws_resilience/vehicle_sender' with build type 'ament_cmake'
[0.481s] INFO:colcon.colcon_cmake.task.cmake.build:Building CMake package in '/mnt/c/Users/17863/Downloads/catkin_ws_resilience/vehicle_sender'
[0.482s] INFO:colcon.colcon_core.shell:Skip shell extension 'powershell' for command environment: Not usable outside of PowerShell
[0.482s] DEBUG:colcon.colcon_core.shell:Skip shell extension 'dsv' for command environment
[0.542s] DEBUG:colcon.colcon_core.event_handler.log_command:Invoking command in '/mnt/c/Users/17863/Downloads/catkin_ws_resilience/build/vehicle_controller': CMAKE_PREFIX_PATH=/opt/ros/humble /usr/bin/cmake /mnt/c/Users/17863/Downloads/catkin_ws_resilience/vehicle_controller -DCMAKE_INSTALL_PREFIX=/mnt/c/Users/17863/Downloads/catkin_ws_resilience/install/vehicle_controller
[0.573s] DEBUG:colcon.colcon_core.event_handler.log_command:Invoking command in '/mnt/c/Users/17863/Downloads/catkin_ws_resilience/build/vehicle_sender': CMAKE_PREFIX_PATH=/opt/ros/humble /usr/bin/cmake --build /mnt/c/Users/17863/Downloads/catkin_ws_resilience/build/vehicle_sender -- -j64 -l64
[9.177s] DEBUG:colcon.colcon_core.event_handler.log_command:Invoked command in '/mnt/c/Users/17863/Downloads/catkin_ws_resilience/build/vehicle_controller' returned '0': CMAKE_PREFIX_PATH=/opt/ros/humble /usr/bin/cmake /mnt/c/Users/17863/Downloads/catkin_ws_resilience/vehicle_controller -DCMAKE_INSTALL_PREFIX=/mnt/c/Users/17863/Downloads/catkin_ws_resilience/install/vehicle_controller
[9.187s] DEBUG:colcon.colcon_core.event_handler.log_command:Invoking command in '/mnt/c/Users/17863/Downloads/catkin_ws_resilience/build/vehicle_controller': CMAKE_PREFIX_PATH=/opt/ros/humble /usr/bin/cmake --build /mnt/c/Users/17863/Downloads/catkin_ws_resilience/build/vehicle_controller -- -j64 -l64
[10.432s] DEBUG:colcon.colcon_core.event_handler.log_command:Invoked command in '/mnt/c/Users/17863/Downloads/catkin_ws_resilience/build/vehicle_controller' returned '2': CMAKE_PREFIX_PATH=/opt/ros/humble /usr/bin/cmake --build /mnt/c/Users/17863/Downloads/catkin_ws_resilience/build/vehicle_controller -- -j64 -l64
[10.446s] Level 1:colcon.colcon_core.environment:create_environment_scripts_only(vehicle_controller)
[10.449s] Level 1:colcon.colcon_core.environment:checking '/mnt/c/Users/17863/Downloads/catkin_ws_resilience/install/vehicle_controller' for CMake module files
[10.489s] Level 1:colcon.colcon_core.environment:checking '/mnt/c/Users/17863/Downloads/catkin_ws_resilience/install/vehicle_controller' for CMake config files
[10.517s] Level 1:colcon.colcon_core.environment:checking '/mnt/c/Users/17863/Downloads/catkin_ws_resilience/install/vehicle_controller/bin'
[10.519s] Level 1:colcon.colcon_core.environment:checking '/mnt/c/Users/17863/Downloads/catkin_ws_resilience/install/vehicle_controller/lib/pkgconfig/vehicle_controller.pc'
[10.520s] Level 1:colcon.colcon_core.environment:checking '/mnt/c/Users/17863/Downloads/catkin_ws_resilience/install/vehicle_controller/lib/python3.10/site-packages'
[10.522s] Level 1:colcon.colcon_core.environment:checking '/mnt/c/Users/17863/Downloads/catkin_ws_resilience/install/vehicle_controller/bin'
[10.523s] INFO:colcon.colcon_core.shell:Creating package script '/mnt/c/Users/17863/Downloads/catkin_ws_resilience/install/vehicle_controller/share/vehicle_controller/package.ps1'
[10.537s] INFO:colcon.colcon_core.shell:Creating package descriptor '/mnt/c/Users/17863/Downloads/catkin_ws_resilience/install/vehicle_controller/share/vehicle_controller/package.dsv'
[10.550s] INFO:colcon.colcon_core.shell:Creating package script '/mnt/c/Users/17863/Downloads/catkin_ws_resilience/install/vehicle_controller/share/vehicle_controller/package.sh'
[10.565s] INFO:colcon.colcon_core.shell:Creating package script '/mnt/c/Users/17863/Downloads/catkin_ws_resilience/install/vehicle_controller/share/vehicle_controller/package.bash'
[10.580s] INFO:colcon.colcon_core.shell:Creating package script '/mnt/c/Users/17863/Downloads/catkin_ws_resilience/install/vehicle_controller/share/vehicle_controller/package.zsh'
[10.596s] Level 1:colcon.colcon_core.environment:create_file_with_runtime_dependencies(/mnt/c/Users/17863/Downloads/catkin_ws_resilience/install/vehicle_controller/share/colcon-core/packages/vehicle_controller)
[12.732s] DEBUG:colcon.colcon_parallel_executor.executor.parallel:closing loop
[12.732s] DEBUG:colcon.colcon_parallel_executor.executor.parallel:loop closed
[12.733s] DEBUG:colcon.colcon_parallel_executor.executor.parallel:run_until_complete finished with '2'
[12.733s] DEBUG:colcon.colcon_core.event_reactor:joining thread
[12.784s] INFO:colcon.colcon_core.plugin_system:Skipping extension 'colcon_notification.desktop_notification.notify_send': Could not find 'notify-send'
[12.785s] INFO:colcon.colcon_core.plugin_system:Skipping extension 'colcon_notification.desktop_notification.terminal_notifier': Not used on non-Darwin systems
[12.785s] INFO:colcon.colcon_core.plugin_system:Skipping extension 'colcon_notification.desktop_notification.win32': Not used on non-Windows systems
[12.785s] INFO:colcon.colcon_notification.desktop_notification:Sending desktop notification using 'notify2'
[12.786s] DEBUG:colcon.colcon_notification.desktop_notification.notify2:Failed to initialize notify2: org.freedesktop.DBus.Error.FileNotFound: Failed to connect to socket /run/user/1000/bus: No such file or directory
[12.786s] DEBUG:colcon.colcon_core.event_reactor:joined thread
[12.787s] INFO:colcon.colcon_core.shell:Creating prefix script '/mnt/c/Users/17863/Downloads/catkin_ws_resilience/install/local_setup.ps1'
[12.793s] INFO:colcon.colcon_core.shell:Creating prefix util module '/mnt/c/Users/17863/Downloads/catkin_ws_resilience/install/_local_setup_util_ps1.py'
[12.799s] INFO:colcon.colcon_core.shell:Creating prefix chain script '/mnt/c/Users/17863/Downloads/catkin_ws_resilience/install/setup.ps1'
[12.806s] INFO:colcon.colcon_core.shell:Creating prefix script '/mnt/c/Users/17863/Downloads/catkin_ws_resilience/install/local_setup.sh'
[12.811s] INFO:colcon.colcon_core.shell:Creating prefix util module '/mnt/c/Users/17863/Downloads/catkin_ws_resilience/install/_local_setup_util_sh.py'
[12.818s] INFO:colcon.colcon_core.shell:Creating prefix chain script '/mnt/c/Users/17863/Downloads/catkin_ws_resilience/install/setup.sh'
[12.824s] INFO:colcon.colcon_core.shell:Creating prefix script '/mnt/c/Users/17863/Downloads/catkin_ws_resilience/install/local_setup.bash'
[12.831s] INFO:colcon.colcon_core.shell:Creating prefix chain script '/mnt/c/Users/17863/Downloads/catkin_ws_resilience/install/setup.bash'
[12.837s] INFO:colcon.colcon_core.shell:Creating prefix script '/mnt/c/Users/17863/Downloads/catkin_ws_resilience/install/local_setup.zsh'
[12.843s] INFO:colcon.colcon_core.shell:Creating prefix chain script '/mnt/c/Users/17863/Downloads/catkin_ws_resilience/install/setup.zsh'
