[35m[1mConsolidate compiler generated dependencies of target vehicle_sender_node[0m
[100%] Built target vehicle_sender_node
-- Install configuration: ""
-- Installing: /mnt/c/Users/17863/Downloads/catkin_ws_resilience/install/vehicle_sender/lib/vehicle_sender/vehicle_sender_node
-- Set runtime path of "/mnt/c/Users/17863/Downloads/catkin_ws_resilience/install/vehicle_sender/lib/vehicle_sender/vehicle_sender_node" to ""
-- Installing: /mnt/c/Users/17863/Downloads/catkin_ws_resilience/install/vehicle_sender/share/ament_index/resource_index/package_run_dependencies/vehicle_sender
-- Installing: /mnt/c/Users/17863/Downloads/catkin_ws_resilience/install/vehicle_sender/share/ament_index/resource_index/parent_prefix_path/vehicle_sender
-- Installing: /mnt/c/Users/17863/Downloads/catkin_ws_resilience/install/vehicle_sender/share/vehicle_sender/environment/ament_prefix_path.sh
-- Installing: /mnt/c/Users/17863/Downloads/catkin_ws_resilience/install/vehicle_sender/share/vehicle_sender/environment/ament_prefix_path.dsv
-- Installing: /mnt/c/Users/17863/Downloads/catkin_ws_resilience/install/vehicle_sender/share/vehicle_sender/environment/path.sh
-- Installing: /mnt/c/Users/17863/Downloads/catkin_ws_resilience/install/vehicle_sender/share/vehicle_sender/environment/path.dsv
-- Installing: /mnt/c/Users/17863/Downloads/catkin_ws_resilience/install/vehicle_sender/share/vehicle_sender/local_setup.bash
-- Installing: /mnt/c/Users/17863/Downloads/catkin_ws_resilience/install/vehicle_sender/share/vehicle_sender/local_setup.sh
-- Installing: /mnt/c/Users/17863/Downloads/catkin_ws_resilience/install/vehicle_sender/share/vehicle_sender/local_setup.zsh
-- Installing: /mnt/c/Users/17863/Downloads/catkin_ws_resilience/install/vehicle_sender/share/vehicle_sender/local_setup.dsv
-- Installing: /mnt/c/Users/17863/Downloads/catkin_ws_resilience/install/vehicle_sender/share/vehicle_sender/package.dsv
-- Installing: /mnt/c/Users/17863/Downloads/catkin_ws_resilience/install/vehicle_sender/share/ament_index/resource_index/packages/vehicle_sender
-- Installing: /mnt/c/Users/17863/Downloads/catkin_ws_resilience/install/vehicle_sender/share/vehicle_sender/cmake/vehicle_senderConfig.cmake
-- Installing: /mnt/c/Users/17863/Downloads/catkin_ws_resilience/install/vehicle_sender/share/vehicle_sender/cmake/vehicle_senderConfig-version.cmake
-- Installing: /mnt/c/Users/17863/Downloads/catkin_ws_resilience/install/vehicle_sender/share/vehicle_sender/package.xml
