[0.069s] Invoking command in '/mnt/c/Users/17863/Downloads/catkin_ws_resilience/build/vehicle_controller': CMAKE_PREFIX_PATH=/opt/ros/humble /usr/bin/cmake --build /mnt/c/Users/17863/Downloads/catkin_ws_resilience/build/vehicle_controller -- -j64 -l64
[0.186s] -- Found ament_cmake: 1.3.11 (/opt/ros/humble/share/ament_cmake/cmake)
[0.335s] -- Found rclcpp: 16.0.11 (/opt/ros/humble/share/rclcpp/cmake)
[0.483s] -- Found rosidl_generator_c: 3.1.6 (/opt/ros/humble/share/rosidl_generator_c/cmake)
[0.485s] -- Found rosidl_adapter: 3.1.6 (/opt/ros/humble/share/rosidl_adapter/cmake)
[0.490s] -- Found rosidl_generator_cpp: 3.1.6 (/opt/ros/humble/share/rosidl_generator_cpp/cmake)
[0.502s] -- Using all available rosidl_typesupport_c: rosidl_typesupport_fastrtps_c;rosidl_typesupport_introspection_c
[0.516s] -- Using all available rosidl_typesupport_cpp: rosidl_typesupport_fastrtps_cpp;rosidl_typesupport_introspection_cpp
[0.547s] -- Found rmw_implementation_cmake: 6.1.2 (/opt/ros/humble/share/rmw_implementation_cmake/cmake)
[0.552s] -- Found rmw_fastrtps_cpp: 6.2.7 (/opt/ros/humble/share/rmw_fastrtps_cpp/cmake)
[5.719s] -- Using RMW implementation 'rmw_fastrtps_cpp' as default
[5.760s] -- Found geometry_msgs: 4.2.4 (/opt/ros/humble/share/geometry_msgs/cmake)
[5.770s] -- Found novatel_oem7_msgs: 20.6.0 (/opt/ros/humble/share/novatel_oem7_msgs/cmake)
[5.780s] [31mCMake Error at CMakeLists.txt:20 (target_link_libraries):
[5.781s]   Cannot specify link libraries for target "vehicle_controller_node" which is
[5.782s]   not built by this project.
[5.783s] 
[5.783s] [0m
[5.784s] -- Configuring incomplete, errors occurred!
[5.785s] See also "/mnt/c/Users/17863/Downloads/catkin_ws_resilience/build/vehicle_controller/CMakeFiles/CMakeOutput.log".
[5.803s] gmake: *** [Makefile:321: cmake_check_build_system] Error 1
[5.805s] Invoked command in '/mnt/c/Users/17863/Downloads/catkin_ws_resilience/build/vehicle_controller' returned '2': CMAKE_PREFIX_PATH=/opt/ros/humble /usr/bin/cmake --build /mnt/c/Users/17863/Downloads/catkin_ws_resilience/build/vehicle_controller -- -j64 -l64
